{"C:\\Users\\Yuval Shimoni\\Desktop\\GitHub\\final-project-04-wearhouse\\WearHouse\\server\\index.js": {"path":"C:\\Users\\Yuval Shimoni\\Desktop\\GitHub\\final-project-04-wearhouse\\WearHouse\\server\\index.js","statementMap":{"0":{"start":{"line":2,"column":0},"end":{"line":2,"column":27}},"1":{"start":{"line":3,"column":16},"end":{"line":3,"column":34}},"2":{"start":{"line":4,"column":15},"end":{"line":4,"column":32}},"3":{"start":{"line":5,"column":14},"end":{"line":5,"column":30}},"4":{"start":{"line":6,"column":17},"end":{"line":6,"column":37}},"5":{"start":{"line":7,"column":13},"end":{"line":7,"column":28}},"6":{"start":{"line":9,"column":12},"end":{"line":9,"column":21}},"7":{"start":{"line":11,"column":0},"end":{"line":11,"column":16}},"8":{"start":{"line":14,"column":15},"end":{"line":14,"column":58}},"9":{"start":{"line":17,"column":0},"end":{"line":20,"column":3}},"10":{"start":{"line":18,"column":19},"end":{"line":18,"column":46}},"11":{"start":{"line":19,"column":4},"end":{"line":19,"column":57}},"12":{"start":{"line":23,"column":0},"end":{"line":67,"column":3}},"13":{"start":{"line":24,"column":0},"end":{"line":66,"column":1}},"14":{"start":{"line":25,"column":4},"end":{"line":25,"column":78}},"15":{"start":{"line":25,"column":19},"end":{"line":25,"column":78}},"16":{"start":{"line":28,"column":17},"end":{"line":28,"column":31}},"17":{"start":{"line":29,"column":4},"end":{"line":32,"column":7}},"18":{"start":{"line":33,"column":4},"end":{"line":33,"column":32}},"19":{"start":{"line":36,"column":21},"end":{"line":43,"column":6}},"20":{"start":{"line":42,"column":26},"end":{"line":42,"column":30}},"21":{"start":{"line":45,"column":4},"end":{"line":45,"column":54}},"22":{"start":{"line":46,"column":4},"end":{"line":46,"column":67}},"23":{"start":{"line":48,"column":4},"end":{"line":58,"column":5}},"24":{"start":{"line":50,"column":21},"end":{"line":50,"column":64}},"25":{"start":{"line":51,"column":4},"end":{"line":51,"column":48}},"26":{"start":{"line":52,"column":4},"end":{"line":57,"column":7}},"27":{"start":{"line":61,"column":4},"end":{"line":61,"column":41}},"28":{"start":{"line":62,"column":4},"end":{"line":62,"column":41}},"29":{"start":{"line":64,"column":4},"end":{"line":64,"column":23}},"30":{"start":{"line":65,"column":4},"end":{"line":65,"column":74}},"31":{"start":{"line":70,"column":13},"end":{"line":70,"column":37}},"32":{"start":{"line":71,"column":0},"end":{"line":71,"column":90}},"33":{"start":{"line":71,"column":23},"end":{"line":71,"column":88}}},"fnMap":{"0":{"name":"(anonymous_0)","decl":{"start":{"line":17,"column":19},"end":{"line":17,"column":20}},"loc":{"start":{"line":17,"column":33},"end":{"line":20,"column":1}},"line":17},"1":{"name":"(anonymous_1)","decl":{"start":{"line":23,"column":46},"end":{"line":23,"column":47}},"loc":{"start":{"line":23,"column":66},"end":{"line":67,"column":1}},"line":23},"2":{"name":"(anonymous_2)","decl":{"start":{"line":42,"column":20},"end":{"line":42,"column":21}},"loc":{"start":{"line":42,"column":26},"end":{"line":42,"column":30}},"line":42},"3":{"name":"(anonymous_3)","decl":{"start":{"line":71,"column":17},"end":{"line":71,"column":18}},"loc":{"start":{"line":71,"column":23},"end":{"line":71,"column":88}},"line":71}},"branchMap":{"0":{"loc":{"start":{"line":25,"column":4},"end":{"line":25,"column":78}},"type":"if","locations":[{"start":{"line":25,"column":4},"end":{"line":25,"column":78}},{"start":{},"end":{}}],"line":25},"1":{"loc":{"start":{"line":31,"column":17},"end":{"line":31,"column":50}},"type":"binary-expr","locations":[{"start":{"line":31,"column":17},"end":{"line":31,"column":34}},{"start":{"line":31,"column":38},"end":{"line":31,"column":50}}],"line":31},"2":{"loc":{"start":{"line":48,"column":4},"end":{"line":58,"column":5}},"type":"if","locations":[{"start":{"line":48,"column":4},"end":{"line":58,"column":5}},{"start":{},"end":{}}],"line":48},"3":{"loc":{"start":{"line":48,"column":8},"end":{"line":48,"column":83}},"type":"binary-expr","locations":[{"start":{"line":48,"column":8},"end":{"line":48,"column":31}},{"start":{"line":48,"column":35},"end":{"line":48,"column":83}}],"line":48},"4":{"loc":{"start":{"line":70,"column":13},"end":{"line":70,"column":37}},"type":"binary-expr","locations":[{"start":{"line":70,"column":13},"end":{"line":70,"column":29}},{"start":{"line":70,"column":33},"end":{"line":70,"column":37}}],"line":70}},"s":{"0":0,"1":0,"2":0,"3":0,"4":0,"5":0,"6":0,"7":0,"8":0,"9":0,"10":0,"11":0,"12":0,"13":0,"14":0,"15":0,"16":0,"17":0,"18":0,"19":0,"20":0,"21":0,"22":0,"23":0,"24":0,"25":0,"26":0,"27":0,"28":0,"29":0,"30":0,"31":0,"32":0,"33":0},"f":{"0":0,"1":0,"2":0,"3":0},"b":{"0":[0,0],"1":[0,0],"2":[0,0],"3":[0,0],"4":[0,0]}}
}
