{"C:\\Users\\Yuval Shimoni\\Desktop\\GitHub\\final-project-04-wearhouse\\WearHouse\\wearhouse-poc\\src\\App.jsx": {"path":"C:\\Users\\Yuval Shimoni\\Desktop\\GitHub\\final-project-04-wearhouse\\WearHouse\\wearhouse-poc\\src\\App.jsx","all":true,"statementMap":{"0":{"start":{"line":1,"column":0},"end":{"line":1,"column":53}},"1":{"start":{"line":2,"column":0},"end":{"line":2,"column":44}},"2":{"start":{"line":3,"column":0},"end":{"line":3,"column":81}},"3":{"start":{"line":4,"column":0},"end":{"line":4,"column":95}},"4":{"start":{"line":5,"column":0},"end":{"line":5,"column":47}},"5":{"start":{"line":6,"column":0},"end":{"line":6,"column":50}},"6":{"start":{"line":7,"column":0},"end":{"line":7,"column":52}},"7":{"start":{"line":8,"column":0},"end":{"line":8,"column":58}},"8":{"start":{"line":9,"column":0},"end":{"line":9,"column":0}},"9":{"start":{"line":10,"column":0},"end":{"line":10,"column":42}},"10":{"start":{"line":11,"column":0},"end":{"line":11,"column":55}},"11":{"start":{"line":12,"column":0},"end":{"line":12,"column":79}},"12":{"start":{"line":13,"column":0},"end":{"line":13,"column":94}},"13":{"start":{"line":14,"column":0},"end":{"line":14,"column":0}},"14":{"start":{"line":15,"column":0},"end":{"line":15,"column":52}},"15":{"start":{"line":16,"column":0},"end":{"line":16,"column":30}},"16":{"start":{"line":17,"column":0},"end":{"line":17,"column":36}},"17":{"start":{"line":18,"column":0},"end":{"line":18,"column":36}},"18":{"start":{"line":19,"column":0},"end":{"line":19,"column":2}},"19":{"start":{"line":20,"column":0},"end":{"line":20,"column":0}},"20":{"start":{"line":21,"column":0},"end":{"line":21,"column":64}},"21":{"start":{"line":22,"column":0},"end":{"line":22,"column":47}},"22":{"start":{"line":23,"column":0},"end":{"line":23,"column":28}},"23":{"start":{"line":24,"column":0},"end":{"line":24,"column":26}},"24":{"start":{"line":25,"column":0},"end":{"line":25,"column":0}},"25":{"start":{"line":26,"column":0},"end":{"line":26,"column":63}},"26":{"start":{"line":27,"column":0},"end":{"line":27,"column":19}},"27":{"start":{"line":28,"column":0},"end":{"line":28,"column":13}},"28":{"start":{"line":29,"column":0},"end":{"line":29,"column":5}},"29":{"start":{"line":30,"column":0},"end":{"line":30,"column":0}},"30":{"start":{"line":31,"column":0},"end":{"line":31,"column":52}},"31":{"start":{"line":32,"column":0},"end":{"line":32,"column":46}},"32":{"start":{"line":33,"column":0},"end":{"line":33,"column":48}},"33":{"start":{"line":34,"column":0},"end":{"line":34,"column":34}},"34":{"start":{"line":35,"column":0},"end":{"line":35,"column":65}},"35":{"start":{"line":36,"column":0},"end":{"line":36,"column":3}},"36":{"start":{"line":37,"column":0},"end":{"line":37,"column":0}},"37":{"start":{"line":38,"column":0},"end":{"line":38,"column":55}},"38":{"start":{"line":39,"column":0},"end":{"line":39,"column":38}},"39":{"start":{"line":40,"column":0},"end":{"line":40,"column":68}},"40":{"start":{"line":41,"column":0},"end":{"line":41,"column":60}},"41":{"start":{"line":42,"column":0},"end":{"line":42,"column":1}},"42":{"start":{"line":43,"column":0},"end":{"line":43,"column":0}},"43":{"start":{"line":44,"column":0},"end":{"line":44,"column":0}},"44":{"start":{"line":45,"column":0},"end":{"line":45,"column":31}},"45":{"start":{"line":46,"column":0},"end":{"line":46,"column":64}},"46":{"start":{"line":47,"column":0},"end":{"line":47,"column":41}},"47":{"start":{"line":48,"column":0},"end":{"line":48,"column":41}},"48":{"start":{"line":49,"column":0},"end":{"line":49,"column":39}},"49":{"start":{"line":50,"column":0},"end":{"line":50,"column":50}},"50":{"start":{"line":51,"column":0},"end":{"line":51,"column":46}},"51":{"start":{"line":52,"column":0},"end":{"line":52,"column":45}},"52":{"start":{"line":53,"column":0},"end":{"line":53,"column":2}},"53":{"start":{"line":54,"column":0},"end":{"line":54,"column":19}},"54":{"start":{"line":55,"column":0},"end":{"line":55,"column":59}},"55":{"start":{"line":56,"column":0},"end":{"line":56,"column":67}},"56":{"start":{"line":57,"column":0},"end":{"line":57,"column":2}},"57":{"start":{"line":58,"column":0},"end":{"line":58,"column":27}},"58":{"start":{"line":59,"column":0},"end":{"line":59,"column":59}},"59":{"start":{"line":60,"column":0},"end":{"line":60,"column":70}},"60":{"start":{"line":61,"column":0},"end":{"line":61,"column":68}},"61":{"start":{"line":62,"column":0},"end":{"line":62,"column":2}},"62":{"start":{"line":63,"column":0},"end":{"line":63,"column":25}},"63":{"start":{"line":64,"column":0},"end":{"line":64,"column":57}},"64":{"start":{"line":65,"column":0},"end":{"line":65,"column":55}},"65":{"start":{"line":66,"column":0},"end":{"line":66,"column":65}},"66":{"start":{"line":67,"column":0},"end":{"line":67,"column":61}},"67":{"start":{"line":68,"column":0},"end":{"line":68,"column":71}},"68":{"start":{"line":69,"column":0},"end":{"line":69,"column":0}},"69":{"start":{"line":70,"column":0},"end":{"line":70,"column":45}},"70":{"start":{"line":71,"column":0},"end":{"line":71,"column":30}},"71":{"start":{"line":72,"column":0},"end":{"line":72,"column":111}},"72":{"start":{"line":73,"column":0},"end":{"line":73,"column":37}},"73":{"start":{"line":74,"column":0},"end":{"line":74,"column":3}},"74":{"start":{"line":75,"column":0},"end":{"line":75,"column":0}},"75":{"start":{"line":76,"column":0},"end":{"line":76,"column":33}},"76":{"start":{"line":77,"column":0},"end":{"line":77,"column":40}},"77":{"start":{"line":78,"column":0},"end":{"line":78,"column":0}},"78":{"start":{"line":79,"column":0},"end":{"line":79,"column":34}},"79":{"start":{"line":80,"column":0},"end":{"line":80,"column":36}},"80":{"start":{"line":81,"column":0},"end":{"line":81,"column":9}},"81":{"start":{"line":82,"column":0},"end":{"line":82,"column":62}},"82":{"start":{"line":83,"column":0},"end":{"line":83,"column":19}},"83":{"start":{"line":84,"column":0},"end":{"line":84,"column":42}},"84":{"start":{"line":85,"column":0},"end":{"line":85,"column":41}},"85":{"start":{"line":86,"column":0},"end":{"line":86,"column":53}},"86":{"start":{"line":87,"column":0},"end":{"line":87,"column":23}},"87":{"start":{"line":88,"column":0},"end":{"line":88,"column":29}},"88":{"start":{"line":89,"column":0},"end":{"line":89,"column":29}},"89":{"start":{"line":90,"column":0},"end":{"line":90,"column":25}},"90":{"start":{"line":91,"column":0},"end":{"line":91,"column":40}},"91":{"start":{"line":92,"column":0},"end":{"line":92,"column":49}},"92":{"start":{"line":93,"column":0},"end":{"line":93,"column":74}},"93":{"start":{"line":94,"column":0},"end":{"line":94,"column":70}},"94":{"start":{"line":95,"column":0},"end":{"line":95,"column":26}},"95":{"start":{"line":96,"column":0},"end":{"line":96,"column":50}},"96":{"start":{"line":97,"column":0},"end":{"line":97,"column":11}},"97":{"start":{"line":98,"column":0},"end":{"line":98,"column":12}},"98":{"start":{"line":99,"column":0},"end":{"line":99,"column":42}},"99":{"start":{"line":100,"column":0},"end":{"line":100,"column":30}},"100":{"start":{"line":101,"column":0},"end":{"line":101,"column":7}},"101":{"start":{"line":102,"column":0},"end":{"line":102,"column":21}},"102":{"start":{"line":103,"column":0},"end":{"line":103,"column":65}},"103":{"start":{"line":104,"column":0},"end":{"line":104,"column":5}},"104":{"start":{"line":105,"column":0},"end":{"line":105,"column":14}},"105":{"start":{"line":106,"column":0},"end":{"line":106,"column":3}},"106":{"start":{"line":107,"column":0},"end":{"line":107,"column":0}},"107":{"start":{"line":108,"column":0},"end":{"line":108,"column":32}},"108":{"start":{"line":109,"column":0},"end":{"line":109,"column":40}},"109":{"start":{"line":110,"column":0},"end":{"line":110,"column":9}},"110":{"start":{"line":111,"column":0},"end":{"line":111,"column":49}},"111":{"start":{"line":112,"column":0},"end":{"line":112,"column":21}},"112":{"start":{"line":113,"column":0},"end":{"line":113,"column":27}},"113":{"start":{"line":114,"column":0},"end":{"line":114,"column":27}},"114":{"start":{"line":115,"column":0},"end":{"line":115,"column":23}},"115":{"start":{"line":116,"column":0},"end":{"line":116,"column":38}},"116":{"start":{"line":117,"column":0},"end":{"line":117,"column":80}},"117":{"start":{"line":118,"column":0},"end":{"line":118,"column":10}},"118":{"start":{"line":119,"column":0},"end":{"line":119,"column":77}},"119":{"start":{"line":120,"column":0},"end":{"line":120,"column":21}},"120":{"start":{"line":121,"column":0},"end":{"line":121,"column":62}},"121":{"start":{"line":122,"column":0},"end":{"line":122,"column":5}},"122":{"start":{"line":123,"column":0},"end":{"line":123,"column":3}},"123":{"start":{"line":124,"column":0},"end":{"line":124,"column":0}},"124":{"start":{"line":125,"column":0},"end":{"line":125,"column":24}},"125":{"start":{"line":126,"column":0},"end":{"line":126,"column":41}},"126":{"start":{"line":127,"column":0},"end":{"line":127,"column":20}},"127":{"start":{"line":128,"column":0},"end":{"line":128,"column":39}},"128":{"start":{"line":129,"column":0},"end":{"line":129,"column":40}},"129":{"start":{"line":130,"column":0},"end":{"line":130,"column":36}},"130":{"start":{"line":131,"column":0},"end":{"line":131,"column":6}},"131":{"start":{"line":132,"column":0},"end":{"line":132,"column":46}},"132":{"start":{"line":133,"column":0},"end":{"line":133,"column":3}},"133":{"start":{"line":134,"column":0},"end":{"line":134,"column":0}},"134":{"start":{"line":135,"column":0},"end":{"line":135,"column":34}},"135":{"start":{"line":136,"column":0},"end":{"line":136,"column":19}},"136":{"start":{"line":137,"column":0},"end":{"line":137,"column":28}},"137":{"start":{"line":138,"column":0},"end":{"line":138,"column":9}},"138":{"start":{"line":139,"column":0},"end":{"line":139,"column":0}},"139":{"start":{"line":140,"column":0},"end":{"line":140,"column":73}},"140":{"start":{"line":141,"column":0},"end":{"line":141,"column":34}},"141":{"start":{"line":142,"column":0},"end":{"line":142,"column":23}},"142":{"start":{"line":143,"column":0},"end":{"line":143,"column":22}},"143":{"start":{"line":144,"column":0},"end":{"line":144,"column":2}},"144":{"start":{"line":145,"column":0},"end":{"line":145,"column":57}},"145":{"start":{"line":146,"column":0},"end":{"line":146,"column":39}},"146":{"start":{"line":147,"column":0},"end":{"line":147,"column":29}},"147":{"start":{"line":148,"column":0},"end":{"line":148,"column":9}},"148":{"start":{"line":149,"column":0},"end":{"line":149,"column":59}},"149":{"start":{"line":150,"column":0},"end":{"line":150,"column":19}},"150":{"start":{"line":151,"column":0},"end":{"line":151,"column":25}},"151":{"start":{"line":152,"column":0},"end":{"line":152,"column":75}},"152":{"start":{"line":153,"column":0},"end":{"line":153,"column":5}},"153":{"start":{"line":154,"column":0},"end":{"line":154,"column":2}},"154":{"start":{"line":155,"column":0},"end":{"line":155,"column":48}},"155":{"start":{"line":156,"column":0},"end":{"line":156,"column":40}},"156":{"start":{"line":157,"column":0},"end":{"line":157,"column":68}},"157":{"start":{"line":158,"column":0},"end":{"line":158,"column":65}},"158":{"start":{"line":159,"column":0},"end":{"line":159,"column":20}},"159":{"start":{"line":160,"column":0},"end":{"line":160,"column":40}},"160":{"start":{"line":161,"column":0},"end":{"line":161,"column":29}},"161":{"start":{"line":162,"column":0},"end":{"line":162,"column":21}},"162":{"start":{"line":163,"column":0},"end":{"line":163,"column":55}},"163":{"start":{"line":164,"column":0},"end":{"line":164,"column":9}},"164":{"start":{"line":165,"column":0},"end":{"line":165,"column":73}},"165":{"start":{"line":166,"column":0},"end":{"line":166,"column":2}},"166":{"start":{"line":167,"column":0},"end":{"line":167,"column":53}},"167":{"start":{"line":168,"column":0},"end":{"line":168,"column":83}},"168":{"start":{"line":169,"column":0},"end":{"line":169,"column":36}},"169":{"start":{"line":170,"column":0},"end":{"line":170,"column":2}},"170":{"start":{"line":171,"column":0},"end":{"line":171,"column":66}},"171":{"start":{"line":172,"column":0},"end":{"line":172,"column":38}},"172":{"start":{"line":173,"column":0},"end":{"line":173,"column":7}},"173":{"start":{"line":174,"column":0},"end":{"line":174,"column":76}},"174":{"start":{"line":175,"column":0},"end":{"line":175,"column":2}},"175":{"start":{"line":176,"column":0},"end":{"line":176,"column":34}},"176":{"start":{"line":177,"column":0},"end":{"line":177,"column":54}},"177":{"start":{"line":178,"column":0},"end":{"line":178,"column":70}},"178":{"start":{"line":179,"column":0},"end":{"line":179,"column":22}},"179":{"start":{"line":180,"column":0},"end":{"line":180,"column":3}},"180":{"start":{"line":181,"column":0},"end":{"line":181,"column":2}},"181":{"start":{"line":182,"column":0},"end":{"line":182,"column":35}},"182":{"start":{"line":183,"column":0},"end":{"line":183,"column":32}},"183":{"start":{"line":184,"column":0},"end":{"line":184,"column":41}},"184":{"start":{"line":185,"column":0},"end":{"line":185,"column":42}},"185":{"start":{"line":186,"column":0},"end":{"line":186,"column":4}},"186":{"start":{"line":187,"column":0},"end":{"line":187,"column":9}},"187":{"start":{"line":188,"column":0},"end":{"line":188,"column":41}},"188":{"start":{"line":189,"column":0},"end":{"line":189,"column":52}},"189":{"start":{"line":190,"column":0},"end":{"line":190,"column":6}},"190":{"start":{"line":191,"column":0},"end":{"line":191,"column":35}},"191":{"start":{"line":192,"column":0},"end":{"line":192,"column":30}},"192":{"start":{"line":193,"column":0},"end":{"line":193,"column":56}},"193":{"start":{"line":194,"column":0},"end":{"line":194,"column":76}},"194":{"start":{"line":195,"column":0},"end":{"line":195,"column":46}},"195":{"start":{"line":196,"column":0},"end":{"line":196,"column":76}},"196":{"start":{"line":197,"column":0},"end":{"line":197,"column":68}},"197":{"start":{"line":198,"column":0},"end":{"line":198,"column":69}},"198":{"start":{"line":199,"column":0},"end":{"line":199,"column":72}},"199":{"start":{"line":200,"column":0},"end":{"line":200,"column":35}},"200":{"start":{"line":201,"column":0},"end":{"line":201,"column":6}},"201":{"start":{"line":202,"column":0},"end":{"line":202,"column":65}},"202":{"start":{"line":203,"column":0},"end":{"line":203,"column":6}},"203":{"start":{"line":204,"column":0},"end":{"line":204,"column":40}},"204":{"start":{"line":205,"column":0},"end":{"line":205,"column":58}},"205":{"start":{"line":206,"column":0},"end":{"line":206,"column":54}},"206":{"start":{"line":207,"column":0},"end":{"line":207,"column":78}},"207":{"start":{"line":208,"column":0},"end":{"line":208,"column":166}},"208":{"start":{"line":209,"column":0},"end":{"line":209,"column":14}},"209":{"start":{"line":210,"column":0},"end":{"line":210,"column":76}},"210":{"start":{"line":211,"column":0},"end":{"line":211,"column":7}},"211":{"start":{"line":212,"column":0},"end":{"line":212,"column":21}},"212":{"start":{"line":213,"column":0},"end":{"line":213,"column":55}},"213":{"start":{"line":214,"column":0},"end":{"line":214,"column":63}},"214":{"start":{"line":215,"column":0},"end":{"line":215,"column":53}},"215":{"start":{"line":216,"column":0},"end":{"line":216,"column":70}},"216":{"start":{"line":217,"column":0},"end":{"line":217,"column":35}},"217":{"start":{"line":218,"column":0},"end":{"line":218,"column":60}},"218":{"start":{"line":219,"column":0},"end":{"line":219,"column":63}},"219":{"start":{"line":220,"column":0},"end":{"line":220,"column":65}},"220":{"start":{"line":221,"column":0},"end":{"line":221,"column":73}},"221":{"start":{"line":222,"column":0},"end":{"line":222,"column":82}},"222":{"start":{"line":223,"column":0},"end":{"line":223,"column":27}},"223":{"start":{"line":224,"column":0},"end":{"line":224,"column":5}},"224":{"start":{"line":225,"column":0},"end":{"line":225,"column":3}},"225":{"start":{"line":226,"column":0},"end":{"line":226,"column":0}},"226":{"start":{"line":227,"column":0},"end":{"line":227,"column":67}},"227":{"start":{"line":228,"column":0},"end":{"line":228,"column":34}},"228":{"start":{"line":229,"column":0},"end":{"line":229,"column":32}},"229":{"start":{"line":230,"column":0},"end":{"line":230,"column":4}},"230":{"start":{"line":231,"column":0},"end":{"line":231,"column":9}},"231":{"start":{"line":232,"column":0},"end":{"line":232,"column":27}},"232":{"start":{"line":233,"column":0},"end":{"line":233,"column":41}},"233":{"start":{"line":234,"column":0},"end":{"line":234,"column":6}},"234":{"start":{"line":235,"column":0},"end":{"line":235,"column":54}},"235":{"start":{"line":236,"column":0},"end":{"line":236,"column":31}},"236":{"start":{"line":237,"column":0},"end":{"line":237,"column":33}},"237":{"start":{"line":238,"column":0},"end":{"line":238,"column":39}},"238":{"start":{"line":239,"column":0},"end":{"line":239,"column":41}},"239":{"start":{"line":240,"column":0},"end":{"line":240,"column":6}},"240":{"start":{"line":241,"column":0},"end":{"line":241,"column":36}},"241":{"start":{"line":242,"column":0},"end":{"line":242,"column":58}},"242":{"start":{"line":243,"column":0},"end":{"line":243,"column":49}},"243":{"start":{"line":244,"column":0},"end":{"line":244,"column":61}},"244":{"start":{"line":245,"column":0},"end":{"line":245,"column":9}},"245":{"start":{"line":246,"column":0},"end":{"line":246,"column":6}},"246":{"start":{"line":247,"column":0},"end":{"line":247,"column":50}},"247":{"start":{"line":248,"column":0},"end":{"line":248,"column":23}},"248":{"start":{"line":249,"column":0},"end":{"line":249,"column":35}},"249":{"start":{"line":250,"column":0},"end":{"line":250,"column":42}},"250":{"start":{"line":251,"column":0},"end":{"line":251,"column":17}},"251":{"start":{"line":252,"column":0},"end":{"line":252,"column":34}},"252":{"start":{"line":253,"column":0},"end":{"line":253,"column":93}},"253":{"start":{"line":254,"column":0},"end":{"line":254,"column":37}},"254":{"start":{"line":255,"column":0},"end":{"line":255,"column":10}},"255":{"start":{"line":256,"column":0},"end":{"line":256,"column":14}},"256":{"start":{"line":257,"column":0},"end":{"line":257,"column":38}},"257":{"start":{"line":258,"column":0},"end":{"line":258,"column":17}},"258":{"start":{"line":259,"column":0},"end":{"line":259,"column":39}},"259":{"start":{"line":260,"column":0},"end":{"line":260,"column":29}},"260":{"start":{"line":261,"column":0},"end":{"line":261,"column":10}},"261":{"start":{"line":262,"column":0},"end":{"line":262,"column":7}},"262":{"start":{"line":263,"column":0},"end":{"line":263,"column":0}},"263":{"start":{"line":264,"column":0},"end":{"line":264,"column":68}},"264":{"start":{"line":265,"column":0},"end":{"line":265,"column":48}},"265":{"start":{"line":266,"column":0},"end":{"line":266,"column":15}},"266":{"start":{"line":267,"column":0},"end":{"line":267,"column":17}},"267":{"start":{"line":268,"column":0},"end":{"line":268,"column":14}},"268":{"start":{"line":269,"column":0},"end":{"line":269,"column":39}},"269":{"start":{"line":270,"column":0},"end":{"line":270,"column":9}},"270":{"start":{"line":271,"column":0},"end":{"line":271,"column":0}},"271":{"start":{"line":272,"column":0},"end":{"line":272,"column":27}},"272":{"start":{"line":273,"column":0},"end":{"line":273,"column":35}},"273":{"start":{"line":274,"column":0},"end":{"line":274,"column":14}},"274":{"start":{"line":275,"column":0},"end":{"line":275,"column":35}},"275":{"start":{"line":276,"column":0},"end":{"line":276,"column":7}},"276":{"start":{"line":277,"column":0},"end":{"line":277,"column":21}},"277":{"start":{"line":278,"column":0},"end":{"line":278,"column":66}},"278":{"start":{"line":279,"column":0},"end":{"line":279,"column":76}},"279":{"start":{"line":280,"column":0},"end":{"line":280,"column":5}},"280":{"start":{"line":281,"column":0},"end":{"line":281,"column":3}},"281":{"start":{"line":282,"column":0},"end":{"line":282,"column":0}},"282":{"start":{"line":283,"column":0},"end":{"line":283,"column":28}},"283":{"start":{"line":284,"column":0},"end":{"line":284,"column":30}},"284":{"start":{"line":285,"column":0},"end":{"line":285,"column":23}},"285":{"start":{"line":286,"column":0},"end":{"line":286,"column":4}},"286":{"start":{"line":287,"column":0},"end":{"line":287,"column":42}},"287":{"start":{"line":288,"column":0},"end":{"line":288,"column":71}},"288":{"start":{"line":289,"column":0},"end":{"line":289,"column":13}},"289":{"start":{"line":290,"column":0},"end":{"line":290,"column":5}},"290":{"start":{"line":291,"column":0},"end":{"line":291,"column":0}},"291":{"start":{"line":292,"column":0},"end":{"line":292,"column":34}},"292":{"start":{"line":293,"column":0},"end":{"line":293,"column":45}},"293":{"start":{"line":294,"column":0},"end":{"line":294,"column":28}},"294":{"start":{"line":295,"column":0},"end":{"line":295,"column":72}},"295":{"start":{"line":296,"column":0},"end":{"line":296,"column":52}},"296":{"start":{"line":297,"column":0},"end":{"line":297,"column":12}},"297":{"start":{"line":298,"column":0},"end":{"line":298,"column":37}},"298":{"start":{"line":299,"column":0},"end":{"line":299,"column":5}},"299":{"start":{"line":300,"column":0},"end":{"line":300,"column":0}},"300":{"start":{"line":301,"column":0},"end":{"line":301,"column":32}},"301":{"start":{"line":302,"column":0},"end":{"line":302,"column":38}},"302":{"start":{"line":303,"column":0},"end":{"line":303,"column":26}},"303":{"start":{"line":304,"column":0},"end":{"line":304,"column":70}},"304":{"start":{"line":305,"column":0},"end":{"line":305,"column":50}},"305":{"start":{"line":306,"column":0},"end":{"line":306,"column":12}},"306":{"start":{"line":307,"column":0},"end":{"line":307,"column":53}},"307":{"start":{"line":308,"column":0},"end":{"line":308,"column":58}},"308":{"start":{"line":309,"column":0},"end":{"line":309,"column":5}},"309":{"start":{"line":310,"column":0},"end":{"line":310,"column":0}},"310":{"start":{"line":311,"column":0},"end":{"line":311,"column":22}},"311":{"start":{"line":312,"column":0},"end":{"line":312,"column":49}},"312":{"start":{"line":313,"column":0},"end":{"line":313,"column":27}},"313":{"start":{"line":314,"column":0},"end":{"line":314,"column":37}},"314":{"start":{"line":315,"column":0},"end":{"line":315,"column":33}},"315":{"start":{"line":316,"column":0},"end":{"line":316,"column":53}},"316":{"start":{"line":317,"column":0},"end":{"line":317,"column":35}},"317":{"start":{"line":318,"column":0},"end":{"line":318,"column":60}},"318":{"start":{"line":319,"column":0},"end":{"line":319,"column":56}},"319":{"start":{"line":320,"column":0},"end":{"line":320,"column":22}},"320":{"start":{"line":321,"column":0},"end":{"line":321,"column":36}},"321":{"start":{"line":322,"column":0},"end":{"line":322,"column":7}},"322":{"start":{"line":323,"column":0},"end":{"line":323,"column":6}},"323":{"start":{"line":324,"column":0},"end":{"line":324,"column":0}},"324":{"start":{"line":325,"column":0},"end":{"line":325,"column":29}},"325":{"start":{"line":326,"column":0},"end":{"line":326,"column":56}},"326":{"start":{"line":327,"column":0},"end":{"line":327,"column":37}},"327":{"start":{"line":328,"column":0},"end":{"line":328,"column":39}},"328":{"start":{"line":329,"column":0},"end":{"line":329,"column":0}},"329":{"start":{"line":330,"column":0},"end":{"line":330,"column":58}},"330":{"start":{"line":331,"column":0},"end":{"line":331,"column":4}},"331":{"start":{"line":332,"column":0},"end":{"line":332,"column":17}},"332":{"start":{"line":333,"column":0},"end":{"line":333,"column":25}},"333":{"start":{"line":334,"column":0},"end":{"line":334,"column":24}},"334":{"start":{"line":335,"column":0},"end":{"line":335,"column":29}},"335":{"start":{"line":336,"column":0},"end":{"line":336,"column":27}},"336":{"start":{"line":337,"column":0},"end":{"line":337,"column":35}},"337":{"start":{"line":338,"column":0},"end":{"line":338,"column":32}},"338":{"start":{"line":339,"column":0},"end":{"line":339,"column":4}},"339":{"start":{"line":340,"column":0},"end":{"line":340,"column":62}},"340":{"start":{"line":341,"column":0},"end":{"line":341,"column":3}},"341":{"start":{"line":342,"column":0},"end":{"line":342,"column":0}},"342":{"start":{"line":343,"column":0},"end":{"line":343,"column":28}},"343":{"start":{"line":344,"column":0},"end":{"line":344,"column":45}},"344":{"start":{"line":345,"column":0},"end":{"line":345,"column":25}},"345":{"start":{"line":346,"column":0},"end":{"line":346,"column":13}},"346":{"start":{"line":347,"column":0},"end":{"line":347,"column":5}},"347":{"start":{"line":348,"column":0},"end":{"line":348,"column":0}},"348":{"start":{"line":349,"column":0},"end":{"line":349,"column":52}},"349":{"start":{"line":350,"column":0},"end":{"line":350,"column":55}},"350":{"start":{"line":351,"column":0},"end":{"line":351,"column":42}},"351":{"start":{"line":352,"column":0},"end":{"line":352,"column":16}},"352":{"start":{"line":353,"column":0},"end":{"line":353,"column":19}},"353":{"start":{"line":354,"column":0},"end":{"line":354,"column":31}},"354":{"start":{"line":355,"column":0},"end":{"line":355,"column":56}},"355":{"start":{"line":356,"column":0},"end":{"line":356,"column":52}},"356":{"start":{"line":357,"column":0},"end":{"line":357,"column":26}},"357":{"start":{"line":358,"column":0},"end":{"line":358,"column":35}},"358":{"start":{"line":359,"column":0},"end":{"line":359,"column":32}},"359":{"start":{"line":360,"column":0},"end":{"line":360,"column":11}},"360":{"start":{"line":361,"column":0},"end":{"line":361,"column":10}},"361":{"start":{"line":362,"column":0},"end":{"line":362,"column":7}},"362":{"start":{"line":363,"column":0},"end":{"line":363,"column":19}},"363":{"start":{"line":364,"column":0},"end":{"line":364,"column":7}},"364":{"start":{"line":365,"column":0},"end":{"line":365,"column":0}},"365":{"start":{"line":366,"column":0},"end":{"line":366,"column":37}},"366":{"start":{"line":367,"column":0},"end":{"line":367,"column":39}},"367":{"start":{"line":368,"column":0},"end":{"line":368,"column":4}},"368":{"start":{"line":369,"column":0},"end":{"line":369,"column":54}},"369":{"start":{"line":370,"column":0},"end":{"line":370,"column":33}},"370":{"start":{"line":371,"column":0},"end":{"line":371,"column":27}},"371":{"start":{"line":372,"column":0},"end":{"line":372,"column":3}},"372":{"start":{"line":373,"column":0},"end":{"line":373,"column":0}},"373":{"start":{"line":374,"column":0},"end":{"line":374,"column":26}},"374":{"start":{"line":375,"column":0},"end":{"line":375,"column":32}},"375":{"start":{"line":376,"column":0},"end":{"line":376,"column":25}},"376":{"start":{"line":377,"column":0},"end":{"line":377,"column":13}},"377":{"start":{"line":378,"column":0},"end":{"line":378,"column":5}},"378":{"start":{"line":379,"column":0},"end":{"line":379,"column":0}},"379":{"start":{"line":380,"column":0},"end":{"line":380,"column":88}},"380":{"start":{"line":381,"column":0},"end":{"line":381,"column":37}},"381":{"start":{"line":382,"column":0},"end":{"line":382,"column":39}},"382":{"start":{"line":383,"column":0},"end":{"line":383,"column":4}},"383":{"start":{"line":384,"column":0},"end":{"line":384,"column":59}},"384":{"start":{"line":385,"column":0},"end":{"line":385,"column":33}},"385":{"start":{"line":386,"column":0},"end":{"line":386,"column":27}},"386":{"start":{"line":387,"column":0},"end":{"line":387,"column":3}},"387":{"start":{"line":388,"column":0},"end":{"line":388,"column":0}},"388":{"start":{"line":389,"column":0},"end":{"line":389,"column":10}},"389":{"start":{"line":390,"column":0},"end":{"line":390,"column":43}},"390":{"start":{"line":391,"column":0},"end":{"line":391,"column":72}},"391":{"start":{"line":392,"column":0},"end":{"line":392,"column":32}},"392":{"start":{"line":393,"column":0},"end":{"line":393,"column":0}},"393":{"start":{"line":394,"column":0},"end":{"line":394,"column":43}},"394":{"start":{"line":395,"column":0},"end":{"line":395,"column":105}},"395":{"start":{"line":396,"column":0},"end":{"line":396,"column":121}},"396":{"start":{"line":397,"column":0},"end":{"line":397,"column":75}},"397":{"start":{"line":398,"column":0},"end":{"line":398,"column":42}},"398":{"start":{"line":399,"column":0},"end":{"line":399,"column":48}},"399":{"start":{"line":400,"column":0},"end":{"line":400,"column":54}},"400":{"start":{"line":401,"column":0},"end":{"line":401,"column":46}},"401":{"start":{"line":402,"column":0},"end":{"line":402,"column":54}},"402":{"start":{"line":403,"column":0},"end":{"line":403,"column":17}},"403":{"start":{"line":404,"column":0},"end":{"line":404,"column":103}},"404":{"start":{"line":405,"column":0},"end":{"line":405,"column":106}},"405":{"start":{"line":406,"column":0},"end":{"line":406,"column":47}},"406":{"start":{"line":407,"column":0},"end":{"line":407,"column":13}},"407":{"start":{"line":408,"column":0},"end":{"line":408,"column":0}},"408":{"start":{"line":409,"column":0},"end":{"line":409,"column":0}},"409":{"start":{"line":410,"column":0},"end":{"line":410,"column":33}},"410":{"start":{"line":411,"column":0},"end":{"line":411,"column":83}},"411":{"start":{"line":412,"column":0},"end":{"line":412,"column":93}},"412":{"start":{"line":413,"column":0},"end":{"line":413,"column":26}},"413":{"start":{"line":414,"column":0},"end":{"line":414,"column":17}},"414":{"start":{"line":415,"column":0},"end":{"line":415,"column":63}},"415":{"start":{"line":416,"column":0},"end":{"line":416,"column":12}},"416":{"start":{"line":417,"column":0},"end":{"line":417,"column":20}},"417":{"start":{"line":418,"column":0},"end":{"line":418,"column":26}},"418":{"start":{"line":419,"column":0},"end":{"line":419,"column":23}},"419":{"start":{"line":420,"column":0},"end":{"line":420,"column":32}},"420":{"start":{"line":421,"column":0},"end":{"line":421,"column":60}},"421":{"start":{"line":422,"column":0},"end":{"line":422,"column":25}},"422":{"start":{"line":423,"column":0},"end":{"line":423,"column":26}},"423":{"start":{"line":424,"column":0},"end":{"line":424,"column":24}},"424":{"start":{"line":425,"column":0},"end":{"line":425,"column":38}},"425":{"start":{"line":426,"column":0},"end":{"line":426,"column":9}},"426":{"start":{"line":427,"column":0},"end":{"line":427,"column":81}},"427":{"start":{"line":428,"column":0},"end":{"line":428,"column":12}},"428":{"start":{"line":429,"column":0},"end":{"line":429,"column":0}},"429":{"start":{"line":430,"column":0},"end":{"line":430,"column":36}},"430":{"start":{"line":431,"column":0},"end":{"line":431,"column":112}},"431":{"start":{"line":432,"column":0},"end":{"line":432,"column":56}},"432":{"start":{"line":433,"column":0},"end":{"line":433,"column":16}},"433":{"start":{"line":434,"column":0},"end":{"line":434,"column":26}},"434":{"start":{"line":435,"column":0},"end":{"line":435,"column":40}},"435":{"start":{"line":436,"column":0},"end":{"line":436,"column":37}},"436":{"start":{"line":437,"column":0},"end":{"line":437,"column":62}},"437":{"start":{"line":438,"column":0},"end":{"line":438,"column":37}},"438":{"start":{"line":439,"column":0},"end":{"line":439,"column":39}},"439":{"start":{"line":440,"column":0},"end":{"line":440,"column":12}},"440":{"start":{"line":441,"column":0},"end":{"line":441,"column":19}},"441":{"start":{"line":442,"column":0},"end":{"line":442,"column":40}},"442":{"start":{"line":443,"column":0},"end":{"line":443,"column":28}},"443":{"start":{"line":444,"column":0},"end":{"line":444,"column":27}},"444":{"start":{"line":445,"column":0},"end":{"line":445,"column":33}},"445":{"start":{"line":446,"column":0},"end":{"line":446,"column":28}},"446":{"start":{"line":447,"column":0},"end":{"line":447,"column":30}},"447":{"start":{"line":448,"column":0},"end":{"line":448,"column":29}},"448":{"start":{"line":449,"column":0},"end":{"line":449,"column":29}},"449":{"start":{"line":450,"column":0},"end":{"line":450,"column":12}},"450":{"start":{"line":451,"column":0},"end":{"line":451,"column":9}},"451":{"start":{"line":452,"column":0},"end":{"line":452,"column":21}},"452":{"start":{"line":453,"column":0},"end":{"line":453,"column":17}},"453":{"start":{"line":454,"column":0},"end":{"line":454,"column":12}},"454":{"start":{"line":455,"column":0},"end":{"line":455,"column":40}},"455":{"start":{"line":456,"column":0},"end":{"line":456,"column":21}},"456":{"start":{"line":457,"column":0},"end":{"line":457,"column":70}},"457":{"start":{"line":458,"column":0},"end":{"line":458,"column":36}},"458":{"start":{"line":459,"column":0},"end":{"line":459,"column":33}},"459":{"start":{"line":460,"column":0},"end":{"line":460,"column":26}},"460":{"start":{"line":461,"column":0},"end":{"line":461,"column":36}},"461":{"start":{"line":462,"column":0},"end":{"line":462,"column":28}},"462":{"start":{"line":463,"column":0},"end":{"line":463,"column":58}},"463":{"start":{"line":464,"column":0},"end":{"line":464,"column":12}},"464":{"start":{"line":465,"column":0},"end":{"line":465,"column":23}},"465":{"start":{"line":466,"column":0},"end":{"line":466,"column":33}},"466":{"start":{"line":467,"column":0},"end":{"line":467,"column":37}},"467":{"start":{"line":468,"column":0},"end":{"line":468,"column":60}},"468":{"start":{"line":469,"column":0},"end":{"line":469,"column":50}},"469":{"start":{"line":470,"column":0},"end":{"line":470,"column":12}},"470":{"start":{"line":471,"column":0},"end":{"line":471,"column":56}},"471":{"start":{"line":472,"column":0},"end":{"line":472,"column":30}},"472":{"start":{"line":473,"column":0},"end":{"line":473,"column":27}},"473":{"start":{"line":474,"column":0},"end":{"line":474,"column":33}},"474":{"start":{"line":475,"column":0},"end":{"line":475,"column":60}},"475":{"start":{"line":476,"column":0},"end":{"line":476,"column":15}},"476":{"start":{"line":477,"column":0},"end":{"line":477,"column":12}},"477":{"start":{"line":478,"column":0},"end":{"line":478,"column":53}},"478":{"start":{"line":479,"column":0},"end":{"line":479,"column":42}},"479":{"start":{"line":480,"column":0},"end":{"line":480,"column":75}},"480":{"start":{"line":481,"column":0},"end":{"line":481,"column":13}},"481":{"start":{"line":482,"column":0},"end":{"line":482,"column":41}},"482":{"start":{"line":483,"column":0},"end":{"line":483,"column":73}},"483":{"start":{"line":484,"column":0},"end":{"line":484,"column":13}},"484":{"start":{"line":485,"column":0},"end":{"line":485,"column":26}},"485":{"start":{"line":486,"column":0},"end":{"line":486,"column":87}},"486":{"start":{"line":487,"column":0},"end":{"line":487,"column":13}},"487":{"start":{"line":488,"column":0},"end":{"line":488,"column":44}},"488":{"start":{"line":489,"column":0},"end":{"line":489,"column":66}},"489":{"start":{"line":490,"column":0},"end":{"line":490,"column":13}},"490":{"start":{"line":491,"column":0},"end":{"line":491,"column":12}},"491":{"start":{"line":492,"column":0},"end":{"line":492,"column":38}},"492":{"start":{"line":493,"column":0},"end":{"line":493,"column":106}},"493":{"start":{"line":494,"column":0},"end":{"line":494,"column":40}},"494":{"start":{"line":495,"column":0},"end":{"line":495,"column":12}},"495":{"start":{"line":496,"column":0},"end":{"line":496,"column":37}},"496":{"start":{"line":497,"column":0},"end":{"line":497,"column":42}},"497":{"start":{"line":498,"column":0},"end":{"line":498,"column":12}},"498":{"start":{"line":499,"column":0},"end":{"line":499,"column":26}},"499":{"start":{"line":500,"column":0},"end":{"line":500,"column":28}},"500":{"start":{"line":501,"column":0},"end":{"line":501,"column":29}},"501":{"start":{"line":502,"column":0},"end":{"line":502,"column":33}},"502":{"start":{"line":503,"column":0},"end":{"line":503,"column":10}},"503":{"start":{"line":504,"column":0},"end":{"line":504,"column":12}},"504":{"start":{"line":505,"column":0},"end":{"line":505,"column":0}},"505":{"start":{"line":506,"column":0},"end":{"line":506,"column":39}},"506":{"start":{"line":507,"column":0},"end":{"line":507,"column":47}},"507":{"start":{"line":508,"column":0},"end":{"line":508,"column":21}},"508":{"start":{"line":509,"column":0},"end":{"line":509,"column":28}},"509":{"start":{"line":510,"column":0},"end":{"line":510,"column":17}},"510":{"start":{"line":511,"column":0},"end":{"line":511,"column":18}},"511":{"start":{"line":512,"column":0},"end":{"line":512,"column":19}},"512":{"start":{"line":513,"column":0},"end":{"line":513,"column":20}},"513":{"start":{"line":514,"column":0},"end":{"line":514,"column":45}},"514":{"start":{"line":515,"column":0},"end":{"line":515,"column":26}},"515":{"start":{"line":516,"column":0},"end":{"line":516,"column":31}},"516":{"start":{"line":517,"column":0},"end":{"line":517,"column":35}},"517":{"start":{"line":518,"column":0},"end":{"line":518,"column":22}},"518":{"start":{"line":519,"column":0},"end":{"line":519,"column":11}},"519":{"start":{"line":520,"column":0},"end":{"line":520,"column":23}},"520":{"start":{"line":521,"column":0},"end":{"line":521,"column":37}},"521":{"start":{"line":522,"column":0},"end":{"line":522,"column":24}},"522":{"start":{"line":523,"column":0},"end":{"line":523,"column":28}},"523":{"start":{"line":524,"column":0},"end":{"line":524,"column":26}},"524":{"start":{"line":525,"column":0},"end":{"line":525,"column":24}},"525":{"start":{"line":526,"column":0},"end":{"line":526,"column":13}},"526":{"start":{"line":527,"column":0},"end":{"line":527,"column":65}},"527":{"start":{"line":528,"column":0},"end":{"line":528,"column":57}},"528":{"start":{"line":529,"column":0},"end":{"line":529,"column":80}},"529":{"start":{"line":530,"column":0},"end":{"line":530,"column":93}},"530":{"start":{"line":531,"column":0},"end":{"line":531,"column":21}},"531":{"start":{"line":532,"column":0},"end":{"line":532,"column":63}},"532":{"start":{"line":533,"column":0},"end":{"line":533,"column":24}},"533":{"start":{"line":534,"column":0},"end":{"line":534,"column":96}},"534":{"start":{"line":535,"column":0},"end":{"line":535,"column":82}},"535":{"start":{"line":536,"column":0},"end":{"line":536,"column":34}},"536":{"start":{"line":537,"column":0},"end":{"line":537,"column":33}},"537":{"start":{"line":538,"column":0},"end":{"line":538,"column":34}},"538":{"start":{"line":539,"column":0},"end":{"line":539,"column":35}},"539":{"start":{"line":540,"column":0},"end":{"line":540,"column":18}},"540":{"start":{"line":541,"column":0},"end":{"line":541,"column":15}},"541":{"start":{"line":542,"column":0},"end":{"line":542,"column":25}},"542":{"start":{"line":543,"column":0},"end":{"line":543,"column":23}},"543":{"start":{"line":544,"column":0},"end":{"line":544,"column":21}},"544":{"start":{"line":545,"column":0},"end":{"line":545,"column":65}},"545":{"start":{"line":546,"column":0},"end":{"line":546,"column":24}},"546":{"start":{"line":547,"column":0},"end":{"line":547,"column":98}},"547":{"start":{"line":548,"column":0},"end":{"line":548,"column":84}},"548":{"start":{"line":549,"column":0},"end":{"line":549,"column":34}},"549":{"start":{"line":550,"column":0},"end":{"line":550,"column":33}},"550":{"start":{"line":551,"column":0},"end":{"line":551,"column":34}},"551":{"start":{"line":552,"column":0},"end":{"line":552,"column":35}},"552":{"start":{"line":553,"column":0},"end":{"line":553,"column":18}},"553":{"start":{"line":554,"column":0},"end":{"line":554,"column":15}},"554":{"start":{"line":555,"column":0},"end":{"line":555,"column":27}},"555":{"start":{"line":556,"column":0},"end":{"line":556,"column":23}},"556":{"start":{"line":557,"column":0},"end":{"line":557,"column":21}},"557":{"start":{"line":558,"column":0},"end":{"line":558,"column":63}},"558":{"start":{"line":559,"column":0},"end":{"line":559,"column":24}},"559":{"start":{"line":560,"column":0},"end":{"line":560,"column":96}},"560":{"start":{"line":561,"column":0},"end":{"line":561,"column":82}},"561":{"start":{"line":562,"column":0},"end":{"line":562,"column":34}},"562":{"start":{"line":563,"column":0},"end":{"line":563,"column":33}},"563":{"start":{"line":564,"column":0},"end":{"line":564,"column":34}},"564":{"start":{"line":565,"column":0},"end":{"line":565,"column":35}},"565":{"start":{"line":566,"column":0},"end":{"line":566,"column":18}},"566":{"start":{"line":567,"column":0},"end":{"line":567,"column":15}},"567":{"start":{"line":568,"column":0},"end":{"line":568,"column":25}},"568":{"start":{"line":569,"column":0},"end":{"line":569,"column":23}},"569":{"start":{"line":570,"column":0},"end":{"line":570,"column":69}},"570":{"start":{"line":571,"column":0},"end":{"line":571,"column":23}},"571":{"start":{"line":572,"column":0},"end":{"line":572,"column":34}},"572":{"start":{"line":573,"column":0},"end":{"line":573,"column":95}},"573":{"start":{"line":574,"column":0},"end":{"line":574,"column":42}},"574":{"start":{"line":575,"column":0},"end":{"line":575,"column":21}},"575":{"start":{"line":576,"column":0},"end":{"line":576,"column":20}},"576":{"start":{"line":577,"column":0},"end":{"line":577,"column":26}},"577":{"start":{"line":578,"column":0},"end":{"line":578,"column":47}},"578":{"start":{"line":579,"column":0},"end":{"line":579,"column":35}},"579":{"start":{"line":580,"column":0},"end":{"line":580,"column":36}},"580":{"start":{"line":581,"column":0},"end":{"line":581,"column":35}},"581":{"start":{"line":582,"column":0},"end":{"line":582,"column":36}},"582":{"start":{"line":583,"column":0},"end":{"line":583,"column":38}},"583":{"start":{"line":584,"column":0},"end":{"line":584,"column":27}},"584":{"start":{"line":585,"column":0},"end":{"line":585,"column":20}},"585":{"start":{"line":586,"column":0},"end":{"line":586,"column":17}},"586":{"start":{"line":587,"column":0},"end":{"line":587,"column":28}},"587":{"start":{"line":588,"column":0},"end":{"line":588,"column":25}},"588":{"start":{"line":589,"column":0},"end":{"line":589,"column":23}},"589":{"start":{"line":590,"column":0},"end":{"line":590,"column":34}},"590":{"start":{"line":591,"column":0},"end":{"line":591,"column":49}},"591":{"start":{"line":592,"column":0},"end":{"line":592,"column":43}},"592":{"start":{"line":593,"column":0},"end":{"line":593,"column":20}},"593":{"start":{"line":594,"column":0},"end":{"line":594,"column":26}},"594":{"start":{"line":595,"column":0},"end":{"line":595,"column":47}},"595":{"start":{"line":596,"column":0},"end":{"line":596,"column":35}},"596":{"start":{"line":597,"column":0},"end":{"line":597,"column":36}},"597":{"start":{"line":598,"column":0},"end":{"line":598,"column":35}},"598":{"start":{"line":599,"column":0},"end":{"line":599,"column":36}},"599":{"start":{"line":600,"column":0},"end":{"line":600,"column":38}},"600":{"start":{"line":601,"column":0},"end":{"line":601,"column":27}},"601":{"start":{"line":602,"column":0},"end":{"line":602,"column":20}},"602":{"start":{"line":603,"column":0},"end":{"line":603,"column":17}},"603":{"start":{"line":604,"column":0},"end":{"line":604,"column":24}},"604":{"start":{"line":605,"column":0},"end":{"line":605,"column":25}},"605":{"start":{"line":606,"column":0},"end":{"line":606,"column":20}},"606":{"start":{"line":607,"column":0},"end":{"line":607,"column":18}},"607":{"start":{"line":608,"column":0},"end":{"line":608,"column":16}},"608":{"start":{"line":609,"column":0},"end":{"line":609,"column":14}},"609":{"start":{"line":610,"column":0},"end":{"line":610,"column":8}},"610":{"start":{"line":611,"column":0},"end":{"line":611,"column":0}},"611":{"start":{"line":612,"column":0},"end":{"line":612,"column":29}},"612":{"start":{"line":613,"column":0},"end":{"line":613,"column":29}},"613":{"start":{"line":614,"column":0},"end":{"line":614,"column":21}},"614":{"start":{"line":615,"column":0},"end":{"line":615,"column":28}},"615":{"start":{"line":616,"column":0},"end":{"line":616,"column":17}},"616":{"start":{"line":617,"column":0},"end":{"line":617,"column":18}},"617":{"start":{"line":618,"column":0},"end":{"line":618,"column":19}},"618":{"start":{"line":619,"column":0},"end":{"line":619,"column":20}},"619":{"start":{"line":620,"column":0},"end":{"line":620,"column":45}},"620":{"start":{"line":621,"column":0},"end":{"line":621,"column":26}},"621":{"start":{"line":622,"column":0},"end":{"line":622,"column":31}},"622":{"start":{"line":623,"column":0},"end":{"line":623,"column":35}},"623":{"start":{"line":624,"column":0},"end":{"line":624,"column":22}},"624":{"start":{"line":625,"column":0},"end":{"line":625,"column":11}},"625":{"start":{"line":626,"column":0},"end":{"line":626,"column":23}},"626":{"start":{"line":627,"column":0},"end":{"line":627,"column":37}},"627":{"start":{"line":628,"column":0},"end":{"line":628,"column":24}},"628":{"start":{"line":629,"column":0},"end":{"line":629,"column":28}},"629":{"start":{"line":630,"column":0},"end":{"line":630,"column":26}},"630":{"start":{"line":631,"column":0},"end":{"line":631,"column":25}},"631":{"start":{"line":632,"column":0},"end":{"line":632,"column":30}},"632":{"start":{"line":633,"column":0},"end":{"line":633,"column":29}},"633":{"start":{"line":634,"column":0},"end":{"line":634,"column":13}},"634":{"start":{"line":635,"column":0},"end":{"line":635,"column":59}},"635":{"start":{"line":636,"column":0},"end":{"line":636,"column":106}},"636":{"start":{"line":637,"column":0},"end":{"line":637,"column":19}},"637":{"start":{"line":638,"column":0},"end":{"line":638,"column":88}},"638":{"start":{"line":639,"column":0},"end":{"line":639,"column":31}},"639":{"start":{"line":640,"column":0},"end":{"line":640,"column":24}},"640":{"start":{"line":641,"column":0},"end":{"line":641,"column":22}},"641":{"start":{"line":642,"column":0},"end":{"line":642,"column":29}},"642":{"start":{"line":643,"column":0},"end":{"line":643,"column":39}},"643":{"start":{"line":644,"column":0},"end":{"line":644,"column":66}},"644":{"start":{"line":645,"column":0},"end":{"line":645,"column":52}},"645":{"start":{"line":646,"column":0},"end":{"line":646,"column":26}},"646":{"start":{"line":647,"column":0},"end":{"line":647,"column":102}},"647":{"start":{"line":648,"column":0},"end":{"line":648,"column":18}},"648":{"start":{"line":649,"column":0},"end":{"line":649,"column":20}},"649":{"start":{"line":650,"column":0},"end":{"line":650,"column":14}},"650":{"start":{"line":651,"column":0},"end":{"line":651,"column":19}},"651":{"start":{"line":652,"column":0},"end":{"line":652,"column":88}},"652":{"start":{"line":653,"column":0},"end":{"line":653,"column":24}},"653":{"start":{"line":654,"column":0},"end":{"line":654,"column":24}},"654":{"start":{"line":655,"column":0},"end":{"line":655,"column":22}},"655":{"start":{"line":656,"column":0},"end":{"line":656,"column":29}},"656":{"start":{"line":657,"column":0},"end":{"line":657,"column":38}},"657":{"start":{"line":658,"column":0},"end":{"line":658,"column":65}},"658":{"start":{"line":659,"column":0},"end":{"line":659,"column":26}},"659":{"start":{"line":660,"column":0},"end":{"line":660,"column":102}},"660":{"start":{"line":661,"column":0},"end":{"line":661,"column":18}},"661":{"start":{"line":662,"column":0},"end":{"line":662,"column":20}},"662":{"start":{"line":663,"column":0},"end":{"line":663,"column":14}},"663":{"start":{"line":664,"column":0},"end":{"line":664,"column":88}},"664":{"start":{"line":665,"column":0},"end":{"line":665,"column":21}},"665":{"start":{"line":666,"column":0},"end":{"line":666,"column":90}},"666":{"start":{"line":667,"column":0},"end":{"line":667,"column":30}},"667":{"start":{"line":668,"column":0},"end":{"line":668,"column":26}},"668":{"start":{"line":669,"column":0},"end":{"line":669,"column":24}},"669":{"start":{"line":670,"column":0},"end":{"line":670,"column":31}},"670":{"start":{"line":671,"column":0},"end":{"line":671,"column":45}},"671":{"start":{"line":672,"column":0},"end":{"line":672,"column":72}},"672":{"start":{"line":673,"column":0},"end":{"line":673,"column":104}},"673":{"start":{"line":674,"column":0},"end":{"line":674,"column":20}},"674":{"start":{"line":675,"column":0},"end":{"line":675,"column":82}},"675":{"start":{"line":676,"column":0},"end":{"line":676,"column":22}},"676":{"start":{"line":677,"column":0},"end":{"line":677,"column":16}},"677":{"start":{"line":678,"column":0},"end":{"line":678,"column":21}},"678":{"start":{"line":679,"column":0},"end":{"line":679,"column":90}},"679":{"start":{"line":680,"column":0},"end":{"line":680,"column":28}},"680":{"start":{"line":681,"column":0},"end":{"line":681,"column":26}},"681":{"start":{"line":682,"column":0},"end":{"line":682,"column":24}},"682":{"start":{"line":683,"column":0},"end":{"line":683,"column":31}},"683":{"start":{"line":684,"column":0},"end":{"line":684,"column":43}},"684":{"start":{"line":685,"column":0},"end":{"line":685,"column":70}},"685":{"start":{"line":686,"column":0},"end":{"line":686,"column":104}},"686":{"start":{"line":687,"column":0},"end":{"line":687,"column":20}},"687":{"start":{"line":688,"column":0},"end":{"line":688,"column":22}},"688":{"start":{"line":689,"column":0},"end":{"line":689,"column":20}},"689":{"start":{"line":690,"column":0},"end":{"line":690,"column":14}},"690":{"start":{"line":691,"column":0},"end":{"line":691,"column":19}},"691":{"start":{"line":692,"column":0},"end":{"line":692,"column":88}},"692":{"start":{"line":693,"column":0},"end":{"line":693,"column":33}},"693":{"start":{"line":694,"column":0},"end":{"line":694,"column":24}},"694":{"start":{"line":695,"column":0},"end":{"line":695,"column":23}},"695":{"start":{"line":696,"column":0},"end":{"line":696,"column":43}},"696":{"start":{"line":697,"column":0},"end":{"line":697,"column":70}},"697":{"start":{"line":698,"column":0},"end":{"line":698,"column":102}},"698":{"start":{"line":699,"column":0},"end":{"line":699,"column":17}},"699":{"start":{"line":700,"column":0},"end":{"line":700,"column":59}},"700":{"start":{"line":701,"column":0},"end":{"line":701,"column":63}},"701":{"start":{"line":702,"column":0},"end":{"line":702,"column":59}},"702":{"start":{"line":703,"column":0},"end":{"line":703,"column":25}},"703":{"start":{"line":704,"column":0},"end":{"line":704,"column":20}},"704":{"start":{"line":705,"column":0},"end":{"line":705,"column":14}},"705":{"start":{"line":706,"column":0},"end":{"line":706,"column":69}},"706":{"start":{"line":707,"column":0},"end":{"line":707,"column":23}},"707":{"start":{"line":708,"column":0},"end":{"line":708,"column":31}},"708":{"start":{"line":709,"column":0},"end":{"line":709,"column":26}},"709":{"start":{"line":710,"column":0},"end":{"line":710,"column":47}},"710":{"start":{"line":711,"column":0},"end":{"line":711,"column":35}},"711":{"start":{"line":712,"column":0},"end":{"line":712,"column":41}},"712":{"start":{"line":713,"column":0},"end":{"line":713,"column":35}},"713":{"start":{"line":714,"column":0},"end":{"line":714,"column":36}},"714":{"start":{"line":715,"column":0},"end":{"line":715,"column":38}},"715":{"start":{"line":716,"column":0},"end":{"line":716,"column":28}},"716":{"start":{"line":717,"column":0},"end":{"line":717,"column":37}},"717":{"start":{"line":718,"column":0},"end":{"line":718,"column":20}},"718":{"start":{"line":719,"column":0},"end":{"line":719,"column":17}},"719":{"start":{"line":720,"column":0},"end":{"line":720,"column":27}},"720":{"start":{"line":721,"column":0},"end":{"line":721,"column":25}},"721":{"start":{"line":722,"column":0},"end":{"line":722,"column":23}},"722":{"start":{"line":723,"column":0},"end":{"line":723,"column":31}},"723":{"start":{"line":724,"column":0},"end":{"line":724,"column":34}},"724":{"start":{"line":725,"column":0},"end":{"line":725,"column":48}},"725":{"start":{"line":726,"column":0},"end":{"line":726,"column":41}},"726":{"start":{"line":727,"column":0},"end":{"line":727,"column":40}},"727":{"start":{"line":728,"column":0},"end":{"line":728,"column":45}},"728":{"start":{"line":729,"column":0},"end":{"line":729,"column":43}},"729":{"start":{"line":730,"column":0},"end":{"line":730,"column":51}},"730":{"start":{"line":731,"column":0},"end":{"line":731,"column":20}},"731":{"start":{"line":732,"column":0},"end":{"line":732,"column":26}},"732":{"start":{"line":733,"column":0},"end":{"line":733,"column":47}},"733":{"start":{"line":734,"column":0},"end":{"line":734,"column":35}},"734":{"start":{"line":735,"column":0},"end":{"line":735,"column":41}},"735":{"start":{"line":736,"column":0},"end":{"line":736,"column":35}},"736":{"start":{"line":737,"column":0},"end":{"line":737,"column":36}},"737":{"start":{"line":738,"column":0},"end":{"line":738,"column":38}},"738":{"start":{"line":739,"column":0},"end":{"line":739,"column":27}},"739":{"start":{"line":740,"column":0},"end":{"line":740,"column":20}},"740":{"start":{"line":741,"column":0},"end":{"line":741,"column":17}},"741":{"start":{"line":742,"column":0},"end":{"line":742,"column":24}},"742":{"start":{"line":743,"column":0},"end":{"line":743,"column":25}},"743":{"start":{"line":744,"column":0},"end":{"line":744,"column":20}},"744":{"start":{"line":745,"column":0},"end":{"line":745,"column":19}},"745":{"start":{"line":746,"column":0},"end":{"line":746,"column":16}},"746":{"start":{"line":747,"column":0},"end":{"line":747,"column":14}},"747":{"start":{"line":748,"column":0},"end":{"line":748,"column":8}},"748":{"start":{"line":749,"column":0},"end":{"line":749,"column":0}},"749":{"start":{"line":750,"column":0},"end":{"line":750,"column":45}},"750":{"start":{"line":751,"column":0},"end":{"line":751,"column":25}},"751":{"start":{"line":752,"column":0},"end":{"line":752,"column":110}},"752":{"start":{"line":753,"column":0},"end":{"line":753,"column":26}},"753":{"start":{"line":754,"column":0},"end":{"line":754,"column":93}},"754":{"start":{"line":755,"column":0},"end":{"line":755,"column":64}},"755":{"start":{"line":756,"column":0},"end":{"line":756,"column":114}},"756":{"start":{"line":757,"column":0},"end":{"line":757,"column":74}},"757":{"start":{"line":758,"column":0},"end":{"line":758,"column":88}},"758":{"start":{"line":759,"column":0},"end":{"line":759,"column":16}},"759":{"start":{"line":760,"column":0},"end":{"line":760,"column":11}},"760":{"start":{"line":761,"column":0},"end":{"line":761,"column":12}},"761":{"start":{"line":762,"column":0},"end":{"line":762,"column":10}},"762":{"start":{"line":763,"column":0},"end":{"line":763,"column":4}},"763":{"start":{"line":764,"column":0},"end":{"line":764,"column":1}}},"s":{"0":0,"1":0,"2":0,"3":0,"4":0,"5":0,"6":0,"7":0,"8":0,"9":0,"10":0,"11":0,"12":0,"13":0,"14":0,"15":0,"16":0,"17":0,"18":0,"19":0,"20":0,"21":0,"22":0,"23":0,"24":0,"25":0,"26":0,"27":0,"28":0,"29":0,"30":0,"31":0,"32":0,"33":0,"34":0,"35":0,"36":0,"37":0,"38":0,"39":0,"40":0,"41":0,"42":0,"43":0,"44":0,"45":0,"46":0,"47":0,"48":0,"49":0,"50":0,"51":0,"52":0,"53":0,"54":0,"55":0,"56":0,"57":0,"58":0,"59":0,"60":0,"61":0,"62":0,"63":0,"64":0,"65":0,"66":0,"67":0,"68":0,"69":0,"70":0,"71":0,"72":0,"73":0,"74":0,"75":0,"76":0,"77":0,"78":0,"79":0,"80":0,"81":0,"82":0,"83":0,"84":0,"85":0,"86":0,"87":0,"88":0,"89":0,"90":0,"91":0,"92":0,"93":0,"94":0,"95":0,"96":0,"97":0,"98":0,"99":0,"100":0,"101":0,"102":0,"103":0,"104":0,"105":0,"106":0,"107":0,"108":0,"109":0,"110":0,"111":0,"112":0,"113":0,"114":0,"115":0,"116":0,"117":0,"118":0,"119":0,"120":0,"121":0,"122":0,"123":0,"124":0,"125":0,"126":0,"127":0,"128":0,"129":0,"130":0,"131":0,"132":0,"133":0,"134":0,"135":0,"136":0,"137":0,"138":0,"139":0,"140":0,"141":0,"142":0,"143":0,"144":0,"145":0,"146":0,"147":0,"148":0,"149":0,"150":0,"151":0,"152":0,"153":0,"154":0,"155":0,"156":0,"157":0,"158":0,"159":0,"160":0,"161":0,"162":0,"163":0,"164":0,"165":0,"166":0,"167":0,"168":0,"169":0,"170":0,"171":0,"172":0,"173":0,"174":0,"175":0,"176":0,"177":0,"178":0,"179":0,"180":0,"181":0,"182":0,"183":0,"184":0,"185":0,"186":0,"187":0,"188":0,"189":0,"190":0,"191":0,"192":0,"193":0,"194":0,"195":0,"196":0,"197":0,"198":0,"199":0,"200":0,"201":0,"202":0,"203":0,"204":0,"205":0,"206":0,"207":0,"208":0,"209":0,"210":0,"211":0,"212":0,"213":0,"214":0,"215":0,"216":0,"217":0,"218":0,"219":0,"220":0,"221":0,"222":0,"223":0,"224":0,"225":0,"226":0,"227":0,"228":0,"229":0,"230":0,"231":0,"232":0,"233":0,"234":0,"235":0,"236":0,"237":0,"238":0,"239":0,"240":0,"241":0,"242":0,"243":0,"244":0,"245":0,"246":0,"247":0,"248":0,"249":0,"250":0,"251":0,"252":0,"253":0,"254":0,"255":0,"256":0,"257":0,"258":0,"259":0,"260":0,"261":0,"262":0,"263":0,"264":0,"265":0,"266":0,"267":0,"268":0,"269":0,"270":0,"271":0,"272":0,"273":0,"274":0,"275":0,"276":0,"277":0,"278":0,"279":0,"280":0,"281":0,"282":0,"283":0,"284":0,"285":0,"286":0,"287":0,"288":0,"289":0,"290":0,"291":0,"292":0,"293":0,"294":0,"295":0,"296":0,"297":0,"298":0,"299":0,"300":0,"301":0,"302":0,"303":0,"304":0,"305":0,"306":0,"307":0,"308":0,"309":0,"310":0,"311":0,"312":0,"313":0,"314":0,"315":0,"316":0,"317":0,"318":0,"319":0,"320":0,"321":0,"322":0,"323":0,"324":0,"325":0,"326":0,"327":0,"328":0,"329":0,"330":0,"331":0,"332":0,"333":0,"334":0,"335":0,"336":0,"337":0,"338":0,"339":0,"340":0,"341":0,"342":0,"343":0,"344":0,"345":0,"346":0,"347":0,"348":0,"349":0,"350":0,"351":0,"352":0,"353":0,"354":0,"355":0,"356":0,"357":0,"358":0,"359":0,"360":0,"361":0,"362":0,"363":0,"364":0,"365":0,"366":0,"367":0,"368":0,"369":0,"370":0,"371":0,"372":0,"373":0,"374":0,"375":0,"376":0,"377":0,"378":0,"379":0,"380":0,"381":0,"382":0,"383":0,"384":0,"385":0,"386":0,"387":0,"388":0,"389":0,"390":0,"391":0,"392":0,"393":0,"394":0,"395":0,"396":0,"397":0,"398":0,"399":0,"400":0,"401":0,"402":0,"403":0,"404":0,"405":0,"406":0,"407":0,"408":0,"409":0,"410":0,"411":0,"412":0,"413":0,"414":0,"415":0,"416":0,"417":0,"418":0,"419":0,"420":0,"421":0,"422":0,"423":0,"424":0,"425":0,"426":0,"427":0,"428":0,"429":0,"430":0,"431":0,"432":0,"433":0,"434":0,"435":0,"436":0,"437":0,"438":0,"439":0,"440":0,"441":0,"442":0,"443":0,"444":0,"445":0,"446":0,"447":0,"448":0,"449":0,"450":0,"451":0,"452":0,"453":0,"454":0,"455":0,"456":0,"457":0,"458":0,"459":0,"460":0,"461":0,"462":0,"463":0,"464":0,"465":0,"466":0,"467":0,"468":0,"469":0,"470":0,"471":0,"472":0,"473":0,"474":0,"475":0,"476":0,"477":0,"478":0,"479":0,"480":0,"481":0,"482":0,"483":0,"484":0,"485":0,"486":0,"487":0,"488":0,"489":0,"490":0,"491":0,"492":0,"493":0,"494":0,"495":0,"496":0,"497":0,"498":0,"499":0,"500":0,"501":0,"502":0,"503":0,"504":0,"505":0,"506":0,"507":0,"508":0,"509":0,"510":0,"511":0,"512":0,"513":0,"514":0,"515":0,"516":0,"517":0,"518":0,"519":0,"520":0,"521":0,"522":0,"523":0,"524":0,"525":0,"526":0,"527":0,"528":0,"529":0,"530":0,"531":0,"532":0,"533":0,"534":0,"535":0,"536":0,"537":0,"538":0,"539":0,"540":0,"541":0,"542":0,"543":0,"544":0,"545":0,"546":0,"547":0,"548":0,"549":0,"550":0,"551":0,"552":0,"553":0,"554":0,"555":0,"556":0,"557":0,"558":0,"559":0,"560":0,"561":0,"562":0,"563":0,"564":0,"565":0,"566":0,"567":0,"568":0,"569":0,"570":0,"571":0,"572":0,"573":0,"574":0,"575":0,"576":0,"577":0,"578":0,"579":0,"580":0,"581":0,"582":0,"583":0,"584":0,"585":0,"586":0,"587":0,"588":0,"589":0,"590":0,"591":0,"592":0,"593":0,"594":0,"595":0,"596":0,"597":0,"598":0,"599":0,"600":0,"601":0,"602":0,"603":0,"604":0,"605":0,"606":0,"607":0,"608":0,"609":0,"610":0,"611":0,"612":0,"613":0,"614":0,"615":0,"616":0,"617":0,"618":0,"619":0,"620":0,"621":0,"622":0,"623":0,"624":0,"625":0,"626":0,"627":0,"628":0,"629":0,"630":0,"631":0,"632":0,"633":0,"634":0,"635":0,"636":0,"637":0,"638":0,"639":0,"640":0,"641":0,"642":0,"643":0,"644":0,"645":0,"646":0,"647":0,"648":0,"649":0,"650":0,"651":0,"652":0,"653":0,"654":0,"655":0,"656":0,"657":0,"658":0,"659":0,"660":0,"661":0,"662":0,"663":0,"664":0,"665":0,"666":0,"667":0,"668":0,"669":0,"670":0,"671":0,"672":0,"673":0,"674":0,"675":0,"676":0,"677":0,"678":0,"679":0,"680":0,"681":0,"682":0,"683":0,"684":0,"685":0,"686":0,"687":0,"688":0,"689":0,"690":0,"691":0,"692":0,"693":0,"694":0,"695":0,"696":0,"697":0,"698":0,"699":0,"700":0,"701":0,"702":0,"703":0,"704":0,"705":0,"706":0,"707":0,"708":0,"709":0,"710":0,"711":0,"712":0,"713":0,"714":0,"715":0,"716":0,"717":0,"718":0,"719":0,"720":0,"721":0,"722":0,"723":0,"724":0,"725":0,"726":0,"727":0,"728":0,"729":0,"730":0,"731":0,"732":0,"733":0,"734":0,"735":0,"736":0,"737":0,"738":0,"739":0,"740":0,"741":0,"742":0,"743":0,"744":0,"745":0,"746":0,"747":0,"748":0,"749":0,"750":0,"751":0,"752":0,"753":0,"754":0,"755":0,"756":0,"757":0,"758":0,"759":0,"760":0,"761":0,"762":0,"763":0},"branchMap":{"0":{"type":"branch","line":1,"loc":{"start":{"line":1,"column":0},"end":{"line":764,"column":1}},"locations":[{"start":{"line":1,"column":0},"end":{"line":764,"column":1}}]}},"b":{"0":[0]},"fnMap":{"0":{"name":"(empty-report)","decl":{"start":{"line":1,"column":0},"end":{"line":764,"column":1}},"loc":{"start":{"line":1,"column":0},"end":{"line":764,"column":1}},"line":1}},"f":{"0":0}}
,"C:\\Users\\Yuval Shimoni\\Desktop\\GitHub\\final-project-04-wearhouse\\WearHouse\\wearhouse-poc\\src\\services\\googleAuthService.js": {"path":"C:\\Users\\Yuval Shimoni\\Desktop\\GitHub\\final-project-04-wearhouse\\WearHouse\\wearhouse-poc\\src\\services\\googleAuthService.js","all":false,"statementMap":{"0":{"start":{"line":1,"column":0},"end":{"line":1,"column":3}},"1":{"start":{"line":2,"column":0},"end":{"line":2,"column":42}},"2":{"start":{"line":3,"column":0},"end":{"line":3,"column":57}},"3":{"start":{"line":4,"column":0},"end":{"line":4,"column":3}},"4":{"start":{"line":5,"column":0},"end":{"line":5,"column":22}},"5":{"start":{"line":6,"column":0},"end":{"line":6,"column":45}},"6":{"start":{"line":7,"column":0},"end":{"line":7,"column":49}},"7":{"start":{"line":8,"column":0},"end":{"line":8,"column":53}},"8":{"start":{"line":9,"column":0},"end":{"line":9,"column":68}},"9":{"start":{"line":10,"column":0},"end":{"line":10,"column":30}},"10":{"start":{"line":11,"column":0},"end":{"line":11,"column":40}},"11":{"start":{"line":12,"column":0},"end":{"line":12,"column":48}},"12":{"start":{"line":13,"column":0},"end":{"line":13,"column":27}},"13":{"start":{"line":14,"column":0},"end":{"line":14,"column":35}},"14":{"start":{"line":15,"column":0},"end":{"line":15,"column":48}},"15":{"start":{"line":16,"column":0},"end":{"line":16,"column":27}},"16":{"start":{"line":17,"column":0},"end":{"line":17,"column":78}},"17":{"start":{"line":18,"column":0},"end":{"line":18,"column":3}},"18":{"start":{"line":19,"column":0},"end":{"line":19,"column":0}},"19":{"start":{"line":20,"column":0},"end":{"line":20,"column":63}},"20":{"start":{"line":21,"column":0},"end":{"line":21,"column":96}},"21":{"start":{"line":22,"column":0},"end":{"line":22,"column":72}},"22":{"start":{"line":23,"column":0},"end":{"line":23,"column":0}},"23":{"start":{"line":24,"column":0},"end":{"line":24,"column":23}},"24":{"start":{"line":25,"column":0},"end":{"line":25,"column":23}},"25":{"start":{"line":26,"column":0},"end":{"line":26,"column":0}},"26":{"start":{"line":27,"column":0},"end":{"line":27,"column":3}},"27":{"start":{"line":28,"column":0},"end":{"line":28,"column":25}},"28":{"start":{"line":29,"column":0},"end":{"line":29,"column":3}},"29":{"start":{"line":30,"column":0},"end":{"line":30,"column":33}},"30":{"start":{"line":31,"column":0},"end":{"line":31,"column":43}},"31":{"start":{"line":32,"column":0},"end":{"line":32,"column":22}},"32":{"start":{"line":33,"column":0},"end":{"line":33,"column":24}},"33":{"start":{"line":34,"column":0},"end":{"line":34,"column":16}},"34":{"start":{"line":35,"column":0},"end":{"line":35,"column":13}},"35":{"start":{"line":36,"column":0},"end":{"line":36,"column":5}},"36":{"start":{"line":37,"column":0},"end":{"line":37,"column":0}},"37":{"start":{"line":38,"column":0},"end":{"line":38,"column":52}},"38":{"start":{"line":39,"column":0},"end":{"line":39,"column":53}},"39":{"start":{"line":40,"column":0},"end":{"line":40,"column":27}},"40":{"start":{"line":41,"column":0},"end":{"line":41,"column":33}},"41":{"start":{"line":42,"column":0},"end":{"line":42,"column":26}},"42":{"start":{"line":43,"column":0},"end":{"line":43,"column":18}},"43":{"start":{"line":44,"column":0},"end":{"line":44,"column":9}},"44":{"start":{"line":45,"column":0},"end":{"line":45,"column":6}},"45":{"start":{"line":46,"column":0},"end":{"line":46,"column":28}},"46":{"start":{"line":47,"column":0},"end":{"line":47,"column":38}},"47":{"start":{"line":48,"column":0},"end":{"line":48,"column":5}},"48":{"start":{"line":49,"column":0},"end":{"line":49,"column":1}},"49":{"start":{"line":50,"column":0},"end":{"line":50,"column":0}},"50":{"start":{"line":51,"column":0},"end":{"line":51,"column":3}},"51":{"start":{"line":52,"column":0},"end":{"line":52,"column":44}},"52":{"start":{"line":53,"column":0},"end":{"line":53,"column":3}},"53":{"start":{"line":54,"column":0},"end":{"line":54,"column":46}},"54":{"start":{"line":55,"column":0},"end":{"line":55,"column":43}},"55":{"start":{"line":56,"column":0},"end":{"line":56,"column":34}},"56":{"start":{"line":57,"column":0},"end":{"line":57,"column":16}},"57":{"start":{"line":58,"column":0},"end":{"line":58,"column":13}},"58":{"start":{"line":59,"column":0},"end":{"line":59,"column":5}},"59":{"start":{"line":60,"column":0},"end":{"line":60,"column":0}},"60":{"start":{"line":61,"column":0},"end":{"line":61,"column":52}},"61":{"start":{"line":62,"column":0},"end":{"line":62,"column":58}},"62":{"start":{"line":63,"column":0},"end":{"line":63,"column":28}},"63":{"start":{"line":64,"column":0},"end":{"line":64,"column":28}},"64":{"start":{"line":65,"column":0},"end":{"line":65,"column":38}},"65":{"start":{"line":66,"column":0},"end":{"line":66,"column":5}},"66":{"start":{"line":67,"column":0},"end":{"line":67,"column":1}},"67":{"start":{"line":68,"column":0},"end":{"line":68,"column":0}},"68":{"start":{"line":69,"column":0},"end":{"line":69,"column":3}},"69":{"start":{"line":70,"column":0},"end":{"line":70,"column":31}},"70":{"start":{"line":71,"column":0},"end":{"line":71,"column":3}},"71":{"start":{"line":72,"column":0},"end":{"line":72,"column":45}},"72":{"start":{"line":73,"column":0},"end":{"line":73,"column":26}},"73":{"start":{"line":74,"column":0},"end":{"line":74,"column":78}},"74":{"start":{"line":75,"column":0},"end":{"line":75,"column":3}},"75":{"start":{"line":76,"column":0},"end":{"line":76,"column":0}},"76":{"start":{"line":77,"column":0},"end":{"line":77,"column":24}},"77":{"start":{"line":78,"column":0},"end":{"line":78,"column":37}},"78":{"start":{"line":79,"column":0},"end":{"line":79,"column":0}},"79":{"start":{"line":80,"column":0},"end":{"line":80,"column":26}},"80":{"start":{"line":81,"column":0},"end":{"line":81,"column":97}},"81":{"start":{"line":82,"column":0},"end":{"line":82,"column":41}},"82":{"start":{"line":83,"column":0},"end":{"line":83,"column":5}},"83":{"start":{"line":84,"column":0},"end":{"line":84,"column":0}},"84":{"start":{"line":85,"column":0},"end":{"line":85,"column":38}},"85":{"start":{"line":86,"column":0},"end":{"line":86,"column":56}},"86":{"start":{"line":87,"column":0},"end":{"line":87,"column":32}},"87":{"start":{"line":88,"column":0},"end":{"line":88,"column":25}},"88":{"start":{"line":89,"column":0},"end":{"line":89,"column":34}},"89":{"start":{"line":90,"column":0},"end":{"line":90,"column":60}},"90":{"start":{"line":91,"column":0},"end":{"line":91,"column":6}},"91":{"start":{"line":92,"column":0},"end":{"line":92,"column":5}},"92":{"start":{"line":93,"column":0},"end":{"line":93,"column":1}},"93":{"start":{"line":94,"column":0},"end":{"line":94,"column":0}},"94":{"start":{"line":95,"column":0},"end":{"line":95,"column":3}},"95":{"start":{"line":96,"column":0},"end":{"line":96,"column":29}},"96":{"start":{"line":97,"column":0},"end":{"line":97,"column":3}},"97":{"start":{"line":98,"column":0},"end":{"line":98,"column":30}},"98":{"start":{"line":99,"column":0},"end":{"line":99,"column":43}},"99":{"start":{"line":100,"column":0},"end":{"line":100,"column":1}},"100":{"start":{"line":101,"column":0},"end":{"line":101,"column":0}},"101":{"start":{"line":102,"column":0},"end":{"line":102,"column":3}},"102":{"start":{"line":103,"column":0},"end":{"line":103,"column":27}},"103":{"start":{"line":104,"column":0},"end":{"line":104,"column":3}},"104":{"start":{"line":105,"column":0},"end":{"line":105,"column":34}},"105":{"start":{"line":106,"column":0},"end":{"line":106,"column":41}},"106":{"start":{"line":107,"column":0},"end":{"line":107,"column":37}},"107":{"start":{"line":108,"column":0},"end":{"line":108,"column":1}},"108":{"start":{"line":109,"column":0},"end":{"line":109,"column":0}},"109":{"start":{"line":110,"column":0},"end":{"line":110,"column":3}},"110":{"start":{"line":111,"column":0},"end":{"line":111,"column":28}},"111":{"start":{"line":112,"column":0},"end":{"line":112,"column":3}},"112":{"start":{"line":113,"column":0},"end":{"line":113,"column":32}},"113":{"start":{"line":114,"column":0},"end":{"line":114,"column":36}},"114":{"start":{"line":115,"column":0},"end":{"line":115,"column":32}},"115":{"start":{"line":116,"column":0},"end":{"line":116,"column":3}},"116":{"start":{"line":117,"column":0},"end":{"line":117,"column":0}},"117":{"start":{"line":118,"column":0},"end":{"line":118,"column":43}},"118":{"start":{"line":119,"column":0},"end":{"line":119,"column":18}},"119":{"start":{"line":120,"column":0},"end":{"line":120,"column":4}},"120":{"start":{"line":121,"column":0},"end":{"line":121,"column":73}},"121":{"start":{"line":122,"column":0},"end":{"line":122,"column":34}},"122":{"start":{"line":123,"column":0},"end":{"line":123,"column":122}},"123":{"start":{"line":124,"column":0},"end":{"line":124,"column":35}},"124":{"start":{"line":125,"column":0},"end":{"line":125,"column":0}},"125":{"start":{"line":126,"column":0},"end":{"line":126,"column":42}},"126":{"start":{"line":127,"column":0},"end":{"line":127,"column":30}},"127":{"start":{"line":128,"column":0},"end":{"line":128,"column":6}},"128":{"start":{"line":129,"column":0},"end":{"line":129,"column":27}},"129":{"start":{"line":130,"column":0},"end":{"line":130,"column":42}},"130":{"start":{"line":131,"column":0},"end":{"line":131,"column":8}},"131":{"start":{"line":132,"column":0},"end":{"line":132,"column":47}},"132":{"start":{"line":133,"column":0},"end":{"line":133,"column":56}},"133":{"start":{"line":134,"column":0},"end":{"line":134,"column":109}},"134":{"start":{"line":135,"column":0},"end":{"line":135,"column":56}},"135":{"start":{"line":136,"column":0},"end":{"line":136,"column":111}},"136":{"start":{"line":137,"column":0},"end":{"line":137,"column":56}},"137":{"start":{"line":138,"column":0},"end":{"line":138,"column":101}},"138":{"start":{"line":139,"column":0},"end":{"line":139,"column":57}},"139":{"start":{"line":140,"column":0},"end":{"line":140,"column":117}},"140":{"start":{"line":141,"column":0},"end":{"line":141,"column":9}},"141":{"start":{"line":142,"column":0},"end":{"line":142,"column":8}},"142":{"start":{"line":143,"column":0},"end":{"line":143,"column":40}},"143":{"start":{"line":144,"column":0},"end":{"line":144,"column":15}},"144":{"start":{"line":145,"column":0},"end":{"line":145,"column":7}},"145":{"start":{"line":146,"column":0},"end":{"line":146,"column":6}},"146":{"start":{"line":147,"column":0},"end":{"line":147,"column":35}},"147":{"start":{"line":148,"column":0},"end":{"line":148,"column":73}},"148":{"start":{"line":149,"column":0},"end":{"line":149,"column":15}},"149":{"start":{"line":150,"column":0},"end":{"line":150,"column":7}},"150":{"start":{"line":151,"column":0},"end":{"line":151,"column":6}},"151":{"start":{"line":152,"column":0},"end":{"line":152,"column":37}},"152":{"start":{"line":153,"column":0},"end":{"line":153,"column":24}},"153":{"start":{"line":154,"column":0},"end":{"line":154,"column":6}},"154":{"start":{"line":155,"column":0},"end":{"line":155,"column":0}},"155":{"start":{"line":156,"column":0},"end":{"line":156,"column":9}},"156":{"start":{"line":157,"column":0},"end":{"line":157,"column":44}},"157":{"start":{"line":158,"column":0},"end":{"line":158,"column":62}},"158":{"start":{"line":159,"column":0},"end":{"line":159,"column":14}},"159":{"start":{"line":160,"column":0},"end":{"line":160,"column":55}},"160":{"start":{"line":161,"column":0},"end":{"line":161,"column":7}},"161":{"start":{"line":162,"column":0},"end":{"line":162,"column":21}},"162":{"start":{"line":163,"column":0},"end":{"line":163,"column":30}},"163":{"start":{"line":164,"column":0},"end":{"line":164,"column":77}},"164":{"start":{"line":165,"column":0},"end":{"line":165,"column":5}},"165":{"start":{"line":166,"column":0},"end":{"line":166,"column":5}},"166":{"start":{"line":167,"column":0},"end":{"line":167,"column":1}},"167":{"start":{"line":168,"column":0},"end":{"line":168,"column":0}},"168":{"start":{"line":169,"column":0},"end":{"line":169,"column":3}},"169":{"start":{"line":170,"column":0},"end":{"line":170,"column":31}},"170":{"start":{"line":171,"column":0},"end":{"line":171,"column":3}},"171":{"start":{"line":172,"column":0},"end":{"line":172,"column":33}},"172":{"start":{"line":173,"column":0},"end":{"line":173,"column":41}},"173":{"start":{"line":174,"column":0},"end":{"line":174,"column":23}},"174":{"start":{"line":175,"column":0},"end":{"line":175,"column":54}},"175":{"start":{"line":176,"column":0},"end":{"line":176,"column":29}},"176":{"start":{"line":177,"column":0},"end":{"line":177,"column":3}},"177":{"start":{"line":178,"column":0},"end":{"line":178,"column":1}},"178":{"start":{"line":179,"column":0},"end":{"line":179,"column":0}},"179":{"start":{"line":180,"column":0},"end":{"line":180,"column":3}},"180":{"start":{"line":181,"column":0},"end":{"line":181,"column":34}},"181":{"start":{"line":182,"column":0},"end":{"line":182,"column":3}},"182":{"start":{"line":183,"column":0},"end":{"line":183,"column":38}},"183":{"start":{"line":184,"column":0},"end":{"line":184,"column":7}},"184":{"start":{"line":185,"column":0},"end":{"line":185,"column":61}},"185":{"start":{"line":186,"column":0},"end":{"line":186,"column":33}},"186":{"start":{"line":187,"column":0},"end":{"line":187,"column":19}},"187":{"start":{"line":188,"column":0},"end":{"line":188,"column":54}},"188":{"start":{"line":189,"column":0},"end":{"line":189,"column":16}},"189":{"start":{"line":190,"column":0},"end":{"line":190,"column":3}},"190":{"start":{"line":191,"column":0},"end":{"line":191,"column":1}}},"s":{"0":1,"1":1,"2":1,"3":1,"4":1,"5":1,"6":1,"7":1,"8":1,"9":1,"10":1,"11":1,"12":1,"13":1,"14":1,"15":1,"16":1,"17":1,"18":1,"19":1,"20":1,"21":1,"22":1,"23":1,"24":1,"25":1,"26":1,"27":1,"28":1,"29":1,"30":4,"31":4,"32":2,"33":2,"34":2,"35":2,"36":2,"37":2,"38":2,"39":2,"40":1,"41":1,"42":1,"43":1,"44":2,"45":2,"46":2,"47":4,"48":4,"49":1,"50":1,"51":1,"52":1,"53":1,"54":3,"55":3,"56":2,"57":2,"58":2,"59":1,"60":1,"61":1,"62":1,"63":1,"64":1,"65":3,"66":3,"67":1,"68":1,"69":1,"70":1,"71":1,"72":1,"73":0,"74":0,"75":1,"76":1,"77":1,"78":1,"79":1,"80":1,"81":1,"82":1,"83":1,"84":1,"85":1,"86":1,"87":1,"88":1,"89":0,"90":1,"91":1,"92":1,"93":1,"94":1,"95":1,"96":1,"97":1,"98":3,"99":3,"100":1,"101":1,"102":1,"103":1,"104":1,"105":3,"106":3,"107":3,"108":1,"109":1,"110":1,"111":1,"112":1,"113":0,"114":0,"115":0,"116":0,"117":0,"118":0,"119":0,"120":0,"121":0,"122":0,"123":0,"124":0,"125":0,"126":0,"127":0,"128":0,"129":0,"130":0,"131":0,"132":0,"133":0,"134":0,"135":0,"136":0,"137":0,"138":0,"139":0,"140":0,"141":0,"142":0,"143":0,"144":0,"145":0,"146":0,"147":0,"148":0,"149":0,"150":0,"151":0,"152":0,"153":0,"154":0,"155":0,"156":0,"157":0,"158":0,"159":0,"160":0,"161":0,"162":0,"163":0,"164":0,"165":0,"166":0,"167":1,"168":1,"169":1,"170":1,"171":1,"172":2,"173":2,"174":1,"175":1,"176":1,"177":2,"178":1,"179":1,"180":1,"181":1,"182":1,"183":2,"184":2,"185":1,"186":1,"187":1,"188":1,"189":1,"190":2},"branchMap":{"0":{"type":"branch","line":30,"loc":{"start":{"line":30,"column":7},"end":{"line":49,"column":1}},"locations":[{"start":{"line":30,"column":7},"end":{"line":49,"column":1}}]},"1":{"type":"branch","line":31,"loc":{"start":{"line":31,"column":21},"end":{"line":48,"column":3}},"locations":[{"start":{"line":31,"column":21},"end":{"line":48,"column":3}}]},"2":{"type":"branch","line":32,"loc":{"start":{"line":32,"column":21},"end":{"line":48,"column":2}},"locations":[{"start":{"line":32,"column":21},"end":{"line":48,"column":2}}]},"3":{"type":"branch","line":40,"loc":{"start":{"line":40,"column":20},"end":{"line":45,"column":5}},"locations":[{"start":{"line":40,"column":20},"end":{"line":45,"column":5}}]},"4":{"type":"branch","line":41,"loc":{"start":{"line":41,"column":26},"end":{"line":44,"column":7}},"locations":[{"start":{"line":41,"column":26},"end":{"line":44,"column":7}}]},"5":{"type":"branch","line":54,"loc":{"start":{"line":54,"column":7},"end":{"line":67,"column":1}},"locations":[{"start":{"line":54,"column":7},"end":{"line":67,"column":1}}]},"6":{"type":"branch","line":55,"loc":{"start":{"line":55,"column":21},"end":{"line":66,"column":3}},"locations":[{"start":{"line":55,"column":21},"end":{"line":66,"column":3}}]},"7":{"type":"branch","line":56,"loc":{"start":{"line":56,"column":21},"end":{"line":56,"column":31}},"locations":[{"start":{"line":56,"column":21},"end":{"line":56,"column":31}}]},"8":{"type":"branch","line":56,"loc":{"start":{"line":56,"column":33},"end":{"line":59,"column":5}},"locations":[{"start":{"line":56,"column":33},"end":{"line":59,"column":5}}]},"9":{"type":"branch","line":60,"loc":{"start":{"line":60,"column":-2},"end":{"line":66,"column":2}},"locations":[{"start":{"line":60,"column":-2},"end":{"line":66,"column":2}}]},"10":{"type":"branch","line":72,"loc":{"start":{"line":72,"column":7},"end":{"line":93,"column":1}},"locations":[{"start":{"line":72,"column":7},"end":{"line":93,"column":1}}]},"11":{"type":"branch","line":73,"loc":{"start":{"line":73,"column":25},"end":{"line":75,"column":3}},"locations":[{"start":{"line":73,"column":25},"end":{"line":75,"column":3}}]},"12":{"type":"branch","line":98,"loc":{"start":{"line":98,"column":7},"end":{"line":100,"column":1}},"locations":[{"start":{"line":98,"column":7},"end":{"line":100,"column":1}}]},"13":{"type":"branch","line":105,"loc":{"start":{"line":105,"column":7},"end":{"line":108,"column":1}},"locations":[{"start":{"line":105,"column":7},"end":{"line":108,"column":1}}]},"14":{"type":"branch","line":107,"loc":{"start":{"line":107,"column":14},"end":{"line":107,"column":28}},"locations":[{"start":{"line":107,"column":14},"end":{"line":107,"column":28}}]},"15":{"type":"branch","line":107,"loc":{"start":{"line":107,"column":29},"end":{"line":107,"column":36}},"locations":[{"start":{"line":107,"column":29},"end":{"line":107,"column":36}}]},"16":{"type":"branch","line":172,"loc":{"start":{"line":172,"column":7},"end":{"line":178,"column":1}},"locations":[{"start":{"line":172,"column":7},"end":{"line":178,"column":1}}]},"17":{"type":"branch","line":174,"loc":{"start":{"line":174,"column":22},"end":{"line":177,"column":3}},"locations":[{"start":{"line":174,"column":22},"end":{"line":177,"column":3}}]},"18":{"type":"branch","line":183,"loc":{"start":{"line":183,"column":7},"end":{"line":191,"column":1}},"locations":[{"start":{"line":183,"column":7},"end":{"line":191,"column":1}}]},"19":{"type":"branch","line":186,"loc":{"start":{"line":186,"column":-2},"end":{"line":190,"column":3}},"locations":[{"start":{"line":186,"column":-2},"end":{"line":190,"column":3}}]}},"b":{"0":[4],"1":[4],"2":[2],"3":[1],"4":[1],"5":[3],"6":[3],"7":[2],"8":[2],"9":[1],"10":[1],"11":[0],"12":[3],"13":[3],"14":[1],"15":[2],"16":[2],"17":[1],"18":[2],"19":[1]},"fnMap":{"0":{"name":"loadGoogleAPI","decl":{"start":{"line":30,"column":7},"end":{"line":49,"column":1}},"loc":{"start":{"line":30,"column":7},"end":{"line":49,"column":1}},"line":30},"1":{"name":"script.onload","decl":{"start":{"line":40,"column":20},"end":{"line":45,"column":5}},"loc":{"start":{"line":40,"column":20},"end":{"line":45,"column":5}},"line":40},"2":{"name":"loadGoogleIdentityServices","decl":{"start":{"line":54,"column":7},"end":{"line":67,"column":1}},"loc":{"start":{"line":54,"column":7},"end":{"line":67,"column":1}},"line":54},"3":{"name":"initializeGoogleAPI","decl":{"start":{"line":72,"column":7},"end":{"line":93,"column":1}},"loc":{"start":{"line":72,"column":7},"end":{"line":93,"column":1}},"line":72},"4":{"name":"callback","decl":{"start":{"line":89,"column":14},"end":{"line":91
[...]
start":{"line":274,"column":0},"end":{"line":274,"column":53}},"274":{"start":{"line":275,"column":0},"end":{"line":275,"column":0}},"275":{"start":{"line":276,"column":0},"end":{"line":276,"column":47}},"276":{"start":{"line":277,"column":0},"end":{"line":277,"column":45}},"277":{"start":{"line":278,"column":0},"end":{"line":278,"column":65}},"278":{"start":{"line":279,"column":0},"end":{"line":279,"column":0}},"279":{"start":{"line":280,"column":0},"end":{"line":280,"column":47}},"280":{"start":{"line":281,"column":0},"end":{"line":281,"column":47}},"281":{"start":{"line":282,"column":0},"end":{"line":282,"column":6}},"282":{"start":{"line":283,"column":0},"end":{"line":283,"column":25}},"283":{"start":{"line":284,"column":0},"end":{"line":284,"column":7}},"284":{"start":{"line":285,"column":0},"end":{"line":285,"column":0}},"285":{"start":{"line":286,"column":0},"end":{"line":286,"column":79}},"286":{"start":{"line":287,"column":0},"end":{"line":287,"column":61}},"287":{"start":{"line":288,"column":0},"end":{"line":288,"column":0}},"288":{"start":{"line":289,"column":0},"end":{"line":289,"column":38}},"289":{"start":{"line":290,"column":0},"end":{"line":290,"column":17}},"290":{"start":{"line":291,"column":0},"end":{"line":291,"column":28}},"291":{"start":{"line":292,"column":0},"end":{"line":292,"column":18}},"292":{"start":{"line":293,"column":0},"end":{"line":293,"column":13}},"293":{"start":{"line":294,"column":0},"end":{"line":294,"column":27}},"294":{"start":{"line":295,"column":0},"end":{"line":295,"column":35}},"295":{"start":{"line":296,"column":0},"end":{"line":296,"column":58}},"296":{"start":{"line":297,"column":0},"end":{"line":297,"column":55}},"297":{"start":{"line":298,"column":0},"end":{"line":298,"column":14}},"298":{"start":{"line":299,"column":0},"end":{"line":299,"column":13}},"299":{"start":{"line":300,"column":0},"end":{"line":300,"column":27}},"300":{"start":{"line":301,"column":0},"end":{"line":301,"column":35}},"301":{"start":{"line":302,"column":0},"end":{"line":302,"column":44}},"302":{"start":{"line":303,"column":0},"end":{"line":303,"column":41}},"303":{"start":{"line":304,"column":0},"end":{"line":304,"column":13}},"304":{"start":{"line":305,"column":0},"end":{"line":305,"column":11}},"305":{"start":{"line":306,"column":0},"end":{"line":306,"column":10}},"306":{"start":{"line":307,"column":0},"end":{"line":307,"column":9}},"307":{"start":{"line":308,"column":0},"end":{"line":308,"column":0}},"308":{"start":{"line":309,"column":0},"end":{"line":309,"column":47}},"309":{"start":{"line":310,"column":0},"end":{"line":310,"column":45}},"310":{"start":{"line":311,"column":0},"end":{"line":311,"column":65}},"311":{"start":{"line":312,"column":0},"end":{"line":312,"column":0}},"312":{"start":{"line":313,"column":0},"end":{"line":313,"column":36}},"313":{"start":{"line":314,"column":0},"end":{"line":314,"column":48}},"314":{"start":{"line":315,"column":0},"end":{"line":315,"column":42}},"315":{"start":{"line":316,"column":0},"end":{"line":316,"column":6}},"316":{"start":{"line":317,"column":0},"end":{"line":317,"column":25}},"317":{"start":{"line":318,"column":0},"end":{"line":318,"column":7}},"318":{"start":{"line":319,"column":0},"end":{"line":319,"column":5}},"319":{"start":{"line":320,"column":0},"end":{"line":320,"column":0}},"320":{"start":{"line":321,"column":0},"end":{"line":321,"column":48}},"321":{"start":{"line":322,"column":0},"end":{"line":322,"column":63}},"322":{"start":{"line":323,"column":0},"end":{"line":323,"column":21}},"323":{"start":{"line":324,"column":0},"end":{"line":324,"column":28}},"324":{"start":{"line":325,"column":0},"end":{"line":325,"column":30}},"325":{"start":{"line":326,"column":0},"end":{"line":326,"column":27}},"326":{"start":{"line":327,"column":0},"end":{"line":327,"column":25}},"327":{"start":{"line":328,"column":0},"end":{"line":328,"column":26}},"328":{"start":{"line":329,"column":0},"end":{"line":329,"column":8}},"329":{"start":{"line":330,"column":0},"end":{"line":330,"column":0}},"330":{"start":{"line":331,"column":0},"end":{"line":331,"column":23}},"331":{"start":{"line":332,"column":0},"end":{"line":332,"column":18}},"332":{"start":{"line":333,"column":0},"end":{"line":333,"column":26}},"333":{"start":{"line":334,"column":0},"end":{"line":334,"column":8}},"334":{"start":{"line":335,"column":0},"end":{"line":335,"column":0}},"335":{"start":{"line":336,"column":0},"end":{"line":336,"column":71}},"336":{"start":{"line":337,"column":0},"end":{"line":337,"column":0}},"337":{"start":{"line":338,"column":0},"end":{"line":338,"column":42}},"338":{"start":{"line":339,"column":0},"end":{"line":339,"column":58}},"339":{"start":{"line":340,"column":0},"end":{"line":340,"column":52}},"340":{"start":{"line":341,"column":0},"end":{"line":341,"column":69}},"341":{"start":{"line":342,"column":0},"end":{"line":342,"column":7}},"342":{"start":{"line":343,"column":0},"end":{"line":343,"column":0}},"343":{"start":{"line":344,"column":0},"end":{"line":344,"column":47}},"344":{"start":{"line":345,"column":0},"end":{"line":345,"column":21}},"345":{"start":{"line":346,"column":0},"end":{"line":346,"column":28}},"346":{"start":{"line":347,"column":0},"end":{"line":347,"column":27}},"347":{"start":{"line":348,"column":0},"end":{"line":348,"column":8}},"348":{"start":{"line":349,"column":0},"end":{"line":349,"column":0}},"349":{"start":{"line":350,"column":0},"end":{"line":350,"column":62}},"350":{"start":{"line":351,"column":0},"end":{"line":351,"column":0}},"351":{"start":{"line":352,"column":0},"end":{"line":352,"column":53}},"352":{"start":{"line":353,"column":0},"end":{"line":353,"column":67}},"353":{"start":{"line":354,"column":0},"end":{"line":354,"column":7}},"354":{"start":{"line":355,"column":0},"end":{"line":355,"column":5}},"355":{"start":{"line":356,"column":0},"end":{"line":356,"column":0}},"356":{"start":{"line":357,"column":0},"end":{"line":357,"column":39}},"357":{"start":{"line":358,"column":0},"end":{"line":358,"column":67}},"358":{"start":{"line":359,"column":0},"end":{"line":359,"column":53}},"359":{"start":{"line":360,"column":0},"end":{"line":360,"column":6}},"360":{"start":{"line":361,"column":0},"end":{"line":361,"column":87}},"361":{"start":{"line":362,"column":0},"end":{"line":362,"column":17}},"362":{"start":{"line":363,"column":0},"end":{"line":363,"column":19}},"363":{"start":{"line":364,"column":0},"end":{"line":364,"column":30}},"364":{"start":{"line":365,"column":0},"end":{"line":365,"column":31}},"365":{"start":{"line":366,"column":0},"end":{"line":366,"column":11}},"366":{"start":{"line":367,"column":0},"end":{"line":367,"column":11}},"367":{"start":{"line":368,"column":0},"end":{"line":368,"column":9}},"368":{"start":{"line":369,"column":0},"end":{"line":369,"column":0}},"369":{"start":{"line":370,"column":0},"end":{"line":370,"column":38}},"370":{"start":{"line":371,"column":0},"end":{"line":371,"column":17}},"371":{"start":{"line":372,"column":0},"end":{"line":372,"column":28}},"372":{"start":{"line":373,"column":0},"end":{"line":373,"column":17}},"373":{"start":{"line":374,"column":0},"end":{"line":374,"column":21}},"374":{"start":{"line":375,"column":0},"end":{"line":375,"column":27}},"375":{"start":{"line":376,"column":0},"end":{"line":376,"column":24}},"376":{"start":{"line":377,"column":0},"end":{"line":377,"column":12}},"377":{"start":{"line":378,"column":0},"end":{"line":378,"column":21}},"378":{"start":{"line":379,"column":0},"end":{"line":379,"column":27}},"379":{"start":{"line":380,"column":0},"end":{"line":380,"column":40}},"380":{"start":{"line":381,"column":0},"end":{"line":381,"column":13}},"381":{"start":{"line":382,"column":0},"end":{"line":382,"column":17}},"382":{"start":{"line":383,"column":0},"end":{"line":383,"column":20}},"383":{"start":{"line":384,"column":0},"end":{"line":384,"column":12}},"384":{"start":{"line":385,"column":0},"end":{"line":385,"column":26}},"385":{"start":{"line":386,"column":0},"end":{"line":386,"column":10}},"386":{"start":{"line":387,"column":0},"end":{"line":387,"column":9}},"387":{"start":{"line":388,"column":0},"end":{"line":388,"column":0}},"388":{"start":{"line":389,"column":0},"end":{"line":389,"column":70}},"389":{"start":{"line":390,"column":0},"end":{"line":390,"column":0}},"390":{"start":{"line":391,"column":0},"end":{"line":391,"column":36}},"391":{"start":{"line":392,"column":0},"end":{"line":392,"column":37}},"392":{"start":{"line":393,"column":0},"end":{"line":393,"column":6}},"393":{"start":{"line":394,"column":0},"end":{"line":394,"column":25}},"394":{"start":{"line":395,"column":0},"end":{"line":395,"column":7}},"395":{"start":{"line":396,"column":0},"end":{"line":396,"column":5}},"396":{"start":{"line":397,"column":0},"end":{"line":397,"column":3}}},"s":{"0":1,"7":1,"8":1,"9":1,"10":1,"11":14,"12":14,"13":14,"14":14,"15":14,"16":14,"17":14,"18":14,"19":14,"20":1,"21":1,"22":1,"23":14,"24":1,"25":1,"26":1,"27":1,"28":1,"29":1,"30":1,"31":1,"32":1,"33":1,"34":1,"35":1,"36":1,"37":1,"38":1,"39":1,"40":1,"41":1,"42":1,"43":1,"44":1,"45":1,"46":1,"47":1,"48":1,"49":1,"50":1,"51":1,"52":1,"53":1,"54":1,"55":1,"56":1,"57":1,"58":1,"59":1,"60":1,"61":1,"62":1,"63":1,"64":1,"65":1,"66":1,"67":1,"68":1,"69":1,"70":1,"71":1,"72":1,"73":1,"74":1,"75":1,"76":1,"77":1,"78":1,"79":1,"80":1,"81":1,"82":1,"83":1,"84":1,"85":1,"86":1,"87":1,"88":1,"89":1,"90":1,"91":1,"92":1,"93":1,"94":1,"95":1,"96":1,"97":1,"98":1,"99":1,"100":1,"101":1,"102":1,"103":1,"104":1,"105":1,"106":1,"107":1,"108":1,"109":1,"110":1,"111":1,"112":1,"113":1,"114":1,"115":1,"116":1,"117":1,"118":1,"119":1,"120":1,"121":1,"122":1,"123":1,"124":1,"125":1,"126":1,"127":1,"128":1,"129":1,"130":1,"131":1,"132":1,"133":1,"134":1,"135":1,"136":1,"137":1,"138":1,"139":1,"140":1,"141":1,"142":1,"143":1,"144":1,"145":1,"146":1,"147":1,"148":1,"149":1,"150":1,"151":1,"152":1,"153":1,"154":1,"155":1,"156":1,"157":1,"158":1,"159":1,"160":1,"161":1,"162":1,"163":1,"164":1,"165":1,"166":1,"167":1,"168":1,"169":1,"170":1,"171":1,"172":1,"173":1,"174":1,"175":1,"176":1,"177":1,"178":1,"179":1,"180":1,"181":1,"182":1,"183":1,"184":1,"185":1,"186":1,"187":1,"188":1,"189":1,"190":1,"191":1,"192":1,"193":1,"194":1,"195":1,"196":1,"197":1,"198":1,"199":1,"200":1,"201":1,"202":1,"203":1,"204":1,"205":1,"206":1,"207":1,"208":1,"209":1,"210":1,"211":1,"212":1,"213":1,"214":1,"215":1,"216":1,"217":1,"218":1,"219":1,"220":1,"221":1,"222":1,"223":1,"224":1,"225":1,"226":1,"227":1,"228":1,"229":1,"230":1,"231":1,"232":1,"233":1,"234":1,"235":1,"236":1,"237":1,"238":1,"239":1,"240":1,"241":1,"242":1,"243":1,"244":1,"245":1,"246":1,"247":1,"248":1,"249":1,"250":1,"251":1,"252":1,"253":1,"254":1,"255":1,"256":1,"257":1,"258":1,"259":1,"260":1,"261":1,"262":1,"263":1,"264":1,"265":1,"266":1,"267":1,"268":1,"269":1,"270":1,"271":1,"272":1,"273":1,"274":1,"275":1,"276":1,"277":1,"278":1,"279":1,"280":1,"281":1,"282":1,"283":1,"284":1,"285":1,"286":1,"287":1,"288":1,"289":1,"290":1,"291":1,"292":1,"293":1,"294":1,"295":1,"296":1,"297":1,"298":1,"299":1,"300":1,"301":1,"302":1,"303":1,"304":1,"305":1,"306":1,"307":1,"308":1,"309":1,"310":1,"311":1,"312":1,"313":1,"314":1,"315":1,"316":1,"317":1,"318":1,"319":1,"320":1,"321":1,"322":1,"323":1,"324":1,"325":1,"326":1,"327":1,"328":1,"329":1,"330":1,"331":1,"332":1,"333":1,"334":1,"335":1,"336":1,"337":1,"338":1,"339":1,"340":1,"341":1,"342":1,"343":1,"344":1,"345":1,"346":1,"347":1,"348":1,"349":1,"350":1,"351":1,"352":1,"353":1,"354":1,"355":1,"356":1,"357":1,"358":1,"359":1,"360":1,"361":1,"362":1,"363":1,"364":1,"365":1,"366":1,"367":1,"368":1,"369":1,"370":1,"371":1,"372":1,"373":1,"374":1,"375":1,"376":1,"377":1,"378":1,"379":1,"380":1,"381":1,"382":1,"383":1,"384":1,"385":1,"386":1,"387":1,"388":1,"389":1,"390":1,"391":1,"392":1,"393":1,"394":1,"395":1,"396":1},"branchMap":{"0":{"type":"branch","line":10,"loc":{"start":{"line":10,"column":35},"end":{"line":397,"column":2}},"locations":[{"start":{"line":10,"column":35},"end":{"line":397,"column":2}}]},"1":{"type":"branch","line":11,"loc":{"start":{"line":11,"column":13},"end":{"line":21,"column":3}},"locations":[{"start":{"line":11,"column":13},"end":{"line":21,"column":3}}]},"2":{"type":"branch","line":23,"loc":{"start":{"line":23,"column":12},"end":{"line":25,"column":3}},"locations":[{"start":{"line":23,"column":12},"end":{"line":25,"column":3}}]},"3":{"type":"branch","line":27,"loc":{"start":{"line":27,"column":25},"end":{"line":177,"column":3}},"locations":[{"start":{"line":27,"column":25},"end":{"line":177,"column":3}}]},"4":{"type":"branch","line":28,"loc":{"start":{"line":28,"column":63},"end":{"line":40,"column":5}},"locations":[{"start":{"line":28,"column":63},"end":{"line":40,"column":5}}]},"5":{"type":"branch","line":42,"loc":{"start":{"line":42,"column":58},"end":{"line":83,"column":5}},"locations":[{"start":{"line":42,"column":58},"end":{"line":83,"column":5}}]},"6":{"type":"branch","line":46,"loc":{"start":{"line":46,"column":73},"end":{"line":53,"column":7}},"locations":[{"start":{"line":46,"column":73},"end":{"line":53,"column":7}}]},"7":{"type":"branch","line":58,"loc":{"start":{"line":58,"column":14},"end":{"line":72,"column":10}},"locations":[{"start":{"line":58,"column":14},"end":{"line":72,"column":10}}]},"8":{"type":"branch","line":85,"loc":{"start":{"line":85,"column":71},"end":{"line":119,"column":5}},"locations":[{"start":{"line":85,"column":71},"end":{"line":119,"column":5}}]},"9":{"type":"branch","line":89,"loc":{"start":{"line":89,"column":73},"end":{"line":91,"column":7}},"locations":[{"start":{"line":89,"column":73},"end":{"line":91,"column":7}}]},"10":{"type":"branch","line":96,"loc":{"start":{"line":96,"column":14},"end":{"line":110,"column":10}},"locations":[{"start":{"line":96,"column":14},"end":{"line":110,"column":10}}]},"11":{"type":"branch","line":121,"loc":{"start":{"line":121,"column":59},"end":{"line":147,"column":5}},"locations":[{"start":{"line":121,"column":59},"end":{"line":147,"column":5}}]},"12":{"type":"branch","line":124,"loc":{"start":{"line":124,"column":73},"end":{"line":131,"column":7}},"locations":[{"start":{"line":124,"column":73},"end":{"line":131,"column":7}}]},"13":{"type":"branch","line":149,"loc":{"start":{"line":149,"column":58},"end":{"line":176,"column":5}},"locations":[{"start":{"line":149,"column":58},"end":{"line":176,"column":5}}]},"14":{"type":"branch","line":152,"loc":{"start":{"line":152,"column":73},"end":{"line":159,"column":7}},"locations":[{"start":{"line":152,"column":73},"end":{"line":159,"column":7}}]},"15":{"type":"branch","line":165,"loc":{"start":{"line":165,"column":14},"end":{"line":167,"column":10}},"locations":[{"start":{"line":165,"column":14},"end":{"line":167,"column":10}}]},"16":{"type":"branch","line":179,"loc":{"start":{"line":179,"column":31},"end":{"line":270,"column":3}},"locations":[{"start":{"line":179,"column":31},"end":{"line":270,"column":3}}]},"17":{"type":"branch","line":180,"loc":{"start":{"line":180,"column":70},"end":{"line":190,"column":5}},"locations":[{"start":{"line":180,"column":70},"end":{"line":190,"column":5}}]},"18":{"type":"branch","line":192,"loc":{"start":{"line":192,"column":65},"end":{"line":224,"column":5}},"locations":[{"start":{"line":192,"column":65},"end":{"line":224,"column":5}}]},"19":{"type":"branch","line":198,"loc":{"start":{"line":198,"column":14},"end":{"line":214,"column":10}},"locations":[{"start":{"line":198,"column":14},"end":{"line":214,"column":10}}]},"20":{"type":"branch","line":226,"loc":{"start":{"line":226,"column":61},"end":{"line":243,"column":5}},"locations":[{"start":{"line":226,"column":61},"end":{"line":243,"column":5}}]},"21":{"type":"branch","line":231,"loc":{"start":{"line":231,"column":14},"end":{"line":233,"column":10}},"locations":[{"start":{"line":231,"column":14},"end":{"line":233,"column":10}}]},"22":{"type":"branch","line":245,"loc":{"start":{"line":245,"column":52},"end":{"line":269,"column":5}},"locations":[{"start":{"line":245,"column":52},"end":{"line":269,"column":5}}]},"23":{"type":"branch","line":250,"loc":{"start":{"line":250,"column":14},"end":{"line":261,"column":10}},"locations":[{"start":{"line":250,"column":14},"end":{"line":261,"column":10}}]},"24":{"type":"branch","line":272,"loc":{"start":{"line":272,"column":32},"end":{"line":319,"column":3}},"locations":[{"start":{"line":272,"column":32},"end":{"line":319,"column":3}}]},"25":{"type":"branch","line":273,"loc":{"start":{"line":273,"column":62},"end":{"line":284,"column":5}},"locations":[{"start":{"line":273,"column":62},"end":{"line":284,"column":5}}]},"26":{"type":"branch","line":286,"loc":{"start":{"line":286,"column":66},"end":{"line":318,"column":5}},"locations":[{"start":{"line":286,"column":66},"end":{"line":318,"column":5}}]},"27":{"type":"branch","line":291,"loc":{"start":{"line":291,"column":14},"end":{"line":306,"column":10}},"locations":[{"start":{"line":291,"column":14},"end":{"line":306,"column":10}}]},"28":{"type":"branch","line":321,"loc":{"start":{"line":321,"column":41},"end":{"line":355,"column":3}},"locations":[{"start":{"line":321,"column":41},"end":{"line":355,"column":3}}]},"29":{"type":"branch","line":322,"loc":{"start":{"line":322,"column":56},"end":{"line":342,"column":5}},"locations":[{"start":{"line":322,"column":56},"end":{"line":342,"column":5}}]},"30":{"type":"branch","line":344,"loc":{"start":{"line":344,"column":40},"end":{"line":354,"column":5}},"locations":[{"start":{"line":344,"column":40},"end":{"line":354,"column":5}}]},"31":{"type":"branch","line":357,"loc":{"start":{"line":357,"column":32},"end":{"line":396,"column":3}},"locations":[{"start":{"line":357,"column":32},"end":{"line":396,"column":3}}]},"32":{"type":"branch","line":358,"loc":{"start":{"line":358,"column":54},"end":{"line":395,"column":5}},"locations":[{"start":{"line":358,"column":54},"end":{"line":395,"column":5}}]},"33":{"type":"branch","line":361,"loc":{"start":{"line":361,"column":73},"end":{"line":368,"column":7}},"locations":[{"start":{"line":361,"column":73},"end":{"line":368,"column":7}}]},"34":{"type":"branch","line":372,"loc":{"start":{"line":372,"column":14},"end":{"line":386,"column":10}},"locations":[{"start":{"line":372,"column":14},"end":{"line":386,"column":10}}]}},"b":{"0":[1],"1":[14],"2":[14],"3":[1],"4":[1],"5":[1],"6":[1],"7":[1],"8":[1],"9":[1],"10":[1],"11":[1],"12":[1],"13":[1],"14":[1],"15":[1],"16":[1],"17":[1],"18":[1],"19":[1],"20":[1],"21":[1],"22":[1],"23":[1],"24":[1],"25":[1],"26":[1],"27":[1],"28":[1],"29":[1],"30":[1],"31":[1],"32":[1],"33":[1],"34":[1]},"fnMap":{"0":{"name":"json","decl":{"start":{"line":58,"column":14},"end":{"line":72,"column":10}},"loc":{"start":{"line":58,"column":14},"end":{"line":72,"column":10}},"line":58},"1":{"name":"json","decl":{"start":{"line":96,"column":14},"end":{"line":110,"column":10}},"loc":{"start":{"line":96,"column":14},"end":{"line":110,"column":10}},"line":96},"2":{"name":"json","decl":{"start":{"line":165,"column":14},"end":{"line":167,"column":10}},"loc":{"start":{"line":165,"column":14},"end":{"line":167,"column":10}},"line":165},"3":{"name":"json","decl":{"start":{"line":198,"column":14},"end":{"line":214,"column":10}},"loc":{"start":{"line":198,"column":14},"end":{"line":214,"column":10}},"line":198},"4":{"name":"json","decl":{"start":{"line":231,"column":14},"end":{"line":233,"column":10}},"loc":{"start":{"line":231,"column":14},"end":{"line":233,"column":10}},"line":231},"5":{"name":"json","decl":{"start":{"line":250,"column":14},"end":{"line":261,"column":10}},"loc":{"start":{"line":250,"column":14},"end":{"line":261,"column":10}},"line":250},"6":{"name":"json","decl":{"start":{"line":291,"column":14},"end":{"line":306,"column":10}},"loc":{"start":{"line":291,"column":14},"end":{"line":306,"column":10}},"line":291},"7":{"name":"json","decl":{"start":{"line":372,"column":14},"end":{"line":386,"column":10}},"loc":{"start":{"line":372,"column":14},"end":{"line":386,"column":10}},"line":372}},"f":{"0":1,"1":1,"2":1,"3":1,"4":1,"5":1,"6":1,"7":1}}
}
